This is pdfTeX, Version 3.141592653-2.6-1.40.24 (TeX Live 2022) (preloaded format=pdflatex 2022.4.10)  17 NOV 2023 13:52
entering extended mode
 restricted \write18 enabled.
 file:line:error style messages enabled.
 %&-line parsing enabled.
**/Users/alex/Downloads/KroschenkoDisser_2023_1/man-source/man-thesisby.tex
(/Users/alex/Downloads/KroschenkoDisser_2023_1/man-source/man-thesisby.tex
LaTeX2e <2021-11-15> patch level 1
L3 programming layer <2022-02-24> (./thesisby.cls
Document Class: thesisby 2016/09/01 v1.1 LaTeX document class for thesis
(/usr/local/texlive/2022/texmf-dist/tex/latex/fancyhdr/fancyhdr.sty
Package: fancyhdr 2021/01/28 v4.0.1 Extensive control of page headers and footers
\f@nch@headwidth=\skip47
\f@nch@O@elh=\skip48
\f@nch@O@erh=\skip49
\f@nch@O@olh=\skip50
\f@nch@O@orh=\skip51
\f@nch@O@elf=\skip52
\f@nch@O@erf=\skip53
\f@nch@O@olf=\skip54
\f@nch@O@orf=\skip55
)
\c@chapter=\count185
\c@section=\count186
\c@subsection=\count187
\c@subsubsection=\count188
\c@subsubsubsection=\count189
\c@quotetionnum=\count190
\Gost@EqRemLen=\skip56
\Gost@@EqRemLen=\skip57
\c@figure=\count191
\c@table=\count192
\abovecaptionskip=\skip58
\belowcaptionskip=\skip59
\l@sectionnumwidth=\skip60
\l@subsectionnumwidth=\skip61
\l@subsubsectionnumwidth=\skip62
\bibindent=\dimen138
 (/usr/local/texlive/2022/texmf-dist/tex/latex/geometry/geometry.sty
Package: geometry 2020/01/02 v5.9 Page Geometry
 (/usr/local/texlive/2022/texmf-dist/tex/latex/graphics/keyval.sty
Package: keyval 2014/10/28 v1.15 key=value parser (DPC)
\KV@toks@=\toks16
) (/usr/local/texlive/2022/texmf-dist/tex/generic/iftex/ifvtex.sty
Package: ifvtex 2019/10/25 v1.7 ifvtex legacy package. Use iftex instead.
 (/usr/local/texlive/2022/texmf-dist/tex/generic/iftex/iftex.sty
Package: iftex 2022/02/03 v1.0f TeX engine tests
))
\Gm@cnth=\count193
\Gm@cntv=\count194
\c@Gm@tempcnt=\count195
\Gm@bindingoffset=\dimen139
\Gm@wd@mp=\dimen140
\Gm@odd@mp=\dimen141
\Gm@even@mp=\dimen142
\Gm@layoutwidth=\dimen143
\Gm@layoutheight=\dimen144
\Gm@layouthoffset=\dimen145
\Gm@layoutvoffset=\dimen146
\Gm@dimlist=\toks17
)) (./definitions.tex (/usr/local/texlive/2022/texmf-dist/tex/latex/base/inputenc.sty
Package: inputenc 2021/02/14 v1.3d Input encoding file
\inpenc@prehook=\toks18
\inpenc@posthook=\toks19
) (/usr/local/texlive/2022/texmf-dist/tex/latex/base/fontenc.sty
Package: fontenc 2021/04/29 v2.0v Standard LaTeX package
 (/usr/local/texlive/2022/texmf-dist/tex/latex/cyrillic/t2aenc.def
File: t2aenc.def 2005/09/27 v1.0i Cyrillic encoding definition file
Now handling font encoding T2A ...
... processing UTF-8 mapping file for font encoding T2A
 (/usr/local/texlive/2022/texmf-dist/tex/latex/base/t2aenc.dfu
File: t2aenc.dfu 2021/06/21 v1.2n UTF-8 support
   defining Unicode char U+00A4 (decimal 164)
   defining Unicode char U+00A7 (decimal 167)
   defining Unicode char U+00AB (decimal 171)
   defining Unicode char U+00BB (decimal 187)
   defining Unicode char U+0131 (decimal 305)
   defining Unicode char U+0237 (decimal 567)
   defining Unicode char U+0400 (decimal 1024)
   defining Unicode char U+0401 (decimal 1025)
   defining Unicode char U+0402 (decimal 1026)
   defining Unicode char U+0403 (decimal 1027)
   defining Unicode char U+0404 (decimal 1028)
   defining Unicode char U+0405 (decimal 1029)
   defining Unicode char U+0406 (decimal 1030)
   defining Unicode char U+0407 (decimal 1031)
   defining Unicode char U+0408 (decimal 1032)
   defining Unicode char U+0409 (decimal 1033)
   defining Unicode char U+040A (decimal 1034)
   defining Unicode char U+040B (decimal 1035)
   defining Unicode char U+040C (decimal 1036)
   defining Unicode char U+040D (decimal 1037)
   defining Unicode char U+040E (decimal 1038)
   defining Unicode char U+040F (decimal 1039)
   defining Unicode char U+0410 (decimal 1040)
   defining Unicode char U+0411 (decimal 1041)
   defining Unicode char U+0412 (decimal 1042)
   defining Unicode char U+0413 (decimal 1043)
   defining Unicode char U+0414 (decimal 1044)
   defining Unicode char U+0415 (decimal 1045)
   defining Unicode char U+0416 (decimal 1046)
   defining Unicode char U+0417 (decimal 1047)
   defining Unicode char U+0418 (decimal 1048)
   defining Unicode char U+0419 (decimal 1049)
   defining Unicode char U+041A (decimal 1050)
   defining Unicode char U+041B (decimal 1051)
   defining Unicode char U+041C (decimal 1052)
   defining Unicode char U+041D (decimal 1053)
   defining Unicode char U+041E (decimal 1054)
   defining Unicode char U+041F (decimal 1055)
   defining Unicode char U+0420 (decimal 1056)
   defining Unicode char U+0421 (decimal 1057)
   defining Unicode char U+0422 (decimal 1058)
   defining Unicode char U+0423 (decimal 1059)
   defining Unicode char U+0424 (decimal 1060)
   defining Unicode char U+0425 (decimal 1061)
   defining Unicode char U+0426 (decimal 1062)
   defining Unicode char U+0427 (decimal 1063)
   defining Unicode char U+0428 (decimal 1064)
   defining Unicode char U+0429 (decimal 1065)
   defining Unicode char U+042A (decimal 1066)
   defining Unicode char U+042B (decimal 1067)
   defining Unicode char U+042C (decimal 1068)
   defining Unicode char U+042D (decimal 1069)
   defining Unicode char U+042E (decimal 1070)
   defining Unicode char U+042F (decimal 1071)
   defining Unicode char U+0430 (decimal 1072)
   defining Unicode char U+0431 (decimal 1073)
   defining Unicode char U+0432 (decimal 1074)
   defining Unicode char U+0433 (decimal 1075)
   defining Unicode char U+0434 (decimal 1076)
   defining Unicode char U+0435 (decimal 1077)
   defining Unicode char U+0436 (decimal 1078)
   defining Unicode char U+0437 (decimal 1079)
   defining Unicode char U+0438 (decimal 1080)
   defining Unicode char U+0439 (decimal 1081)
   defining Unicode char U+043A (decimal 1082)
   defining Unicode char U+043B (decimal 1083)
   defining Unicode char U+043C (decimal 1084)
   defining Unicode char U+043D (decimal 1085)
   defining Unicode char U+043E (decimal 1086)
   defining Unicode char U+043F (decimal 1087)
   defining Unicode char U+0440 (decimal 1088)
   defining Unicode char U+0441 (decimal 1089)
   defining Unicode char U+0442 (decimal 1090)
   defining Unicode char U+0443 (decimal 1091)
   defining Unicode char U+0444 (decimal 1092)
   defining Unicode char U+0445 (decimal 1093)
   defining Unicode char U+0446 (decimal 1094)
   defining Unicode char U+0447 (decimal 1095)
   defining Unicode char U+0448 (decimal 1096)
   defining Unicode char U+0449 (decimal 1097)
   defining Unicode char U+044A (decimal 1098)
   defining Unicode char U+044B (decimal 1099)
   defining Unicode char U+044C (decimal 1100)
   defining Unicode char U+044D (decimal 1101)
   defining Unicode char U+044E (decimal 1102)
   defining Unicode char U+044F (decimal 1103)
   defining Unicode char U+0450 (decimal 1104)
   defining Unicode char U+0451 (decimal 1105)
   defining Unicode char U+0452 (decimal 1106)
   defining Unicode char U+0453 (decimal 1107)
   defining Unicode char U+0454 (decimal 1108)
   defining Unicode char U+0455 (decimal 1109)
   defining Unicode char U+0456 (decimal 1110)
   defining Unicode char U+0457 (decimal 1111)
   defining Unicode char U+0458 (decimal 1112)
   defining Unicode char U+0459 (decimal 1113)
   defining Unicode char U+045A (decimal 1114)
   defining Unicode char U+045B (decimal 1115)
   defining Unicode char U+045C (decimal 1116)
   defining Unicode char U+045D (decimal 1117)
   defining Unicode char U+045E (decimal 1118)
   defining Unicode char U+045F (decimal 1119)
   defining Unicode char U+0490 (decimal 1168)
   defining Unicode char U+0491 (decimal 1169)
   defining Unicode char U+0492 (decimal 1170)
   defining Unicode char U+0493 (decimal 1171)
   defining Unicode char U+0496 (decimal 1174)
   defining Unicode char U+0497 (decimal 1175)
   defining Unicode char U+0498 (decimal 1176)
   defining Unicode char U+0499 (decimal 1177)
   defining Unicode char U+049A (decimal 1178)
   defining Unicode char U+049B (decimal 1179)
   defining Unicode char U+049C (decimal 1180)
   defining Unicode char U+049D (decimal 1181)
   defining Unicode char U+04A0 (decimal 1184)
   defining Unicode char U+04A1 (decimal 1185)
   defining Unicode char U+04A2 (decimal 1186)
   defining Unicode char U+04A3 (decimal 1187)
   defining Unicode char U+04A4 (decimal 1188)
   defining Unicode char U+04A5 (decimal 1189)
   defining Unicode char U+04AA (decimal 1194)
   defining Unicode char U+04AB (decimal 1195)
   defining Unicode char U+04AE (decimal 1198)
   defining Unicode char U+04AF (decimal 1199)
   defining Unicode char U+04B0 (decimal 1200)
   defining Unicode char U+04B1 (decimal 1201)
   defining Unicode char U+04B2 (decimal 1202)
   defining Unicode char U+04B3 (decimal 1203)
   defining Unicode char U+04B6 (decimal 1206)
   defining Unicode char U+04B7 (decimal 1207)
   defining Unicode char U+04B8 (decimal 1208)
   defining Unicode char U+04B9 (decimal 1209)
   defining Unicode char U+04BA (decimal 1210)
   defining Unicode char U+04BB (decimal 1211)
   defining Unicode char U+04C0 (decimal 1216)
   defining Unicode char U+04C1 (decimal 1217)
   defining Unicode char U+04C2 (decimal 1218)
   defining Unicode char U+04D0 (decimal 1232)
   defining Unicode char U+04D1 (decimal 1233)
   defining Unicode char U+04D2 (decimal 1234)
   defining Unicode char U+04D3 (decimal 1235)
   defining Unicode char U+04D4 (decimal 1236)
   defining Unicode char U+04D5 (decimal 1237)
   defining Unicode char U+04D6 (decimal 1238)
   defining Unicode char U+04D7 (decimal 1239)
   defining Unicode char U+04D8 (decimal 1240)
   defining Unicode char U+04D9 (decimal 1241)
   defining Unicode char U+04DA (decimal 1242)
   defining Unicode char U+04DB (decimal 1243)
   defining Unicode char U+04DC (decimal 1244)
   defining Unicode char U+04DD (decimal 1245)
   defining Unicode char U+04DE (decimal 1246)
   defining Unicode char U+04DF (decimal 1247)
   defining Unicode char U+04E2 (decimal 1250)
   defining Unicode char U+04E3 (decimal 1251)
   defining Unicode char U+04E4 (decimal 1252)
   defining Unicode char U+04E5 (decimal 1253)
   defining Unicode char U+04E6 (decimal 1254)
   defining Unicode char U+04E7 (decimal 1255)
   defining Unicode char U+04E8 (decimal 1256)
   defining Unicode char U+04E9 (decimal 1257)
   defining Unicode char U+04EC (decimal 1260)
   defining Unicode char U+04ED (decimal 1261)
   defining Unicode char U+04EE (decimal 1262)
   defining Unicode char U+04EF (decimal 1263)
   defining Unicode char U+04F0 (decimal 1264)
   defining Unicode char U+04F1 (decimal 1265)
   defining Unicode char U+04F2 (decimal 1266)
   defining Unicode char U+04F3 (decimal 1267)
   defining Unicode char U+04F4 (decimal 1268)
   defining Unicode char U+04F5 (decimal 1269)
   defining Unicode char U+04F8 (decimal 1272)
   defining Unicode char U+04F9 (decimal 1273)
   defining Unicode char U+200C (decimal 8204)
   defining Unicode char U+2013 (decimal 8211)
   defining Unicode char U+2014 (decimal 8212)
   defining Unicode char U+2018 (decimal 8216)
   defining Unicode char U+2019 (decimal 8217)
   defining Unicode char U+201C (decimal 8220)
   defining Unicode char U+201D (decimal 8221)
   defining Unicode char U+201E (decimal 8222)
   defining Unicode char U+2030 (decimal 8240)
   defining Unicode char U+2031 (decimal 8241)
   defining Unicode char U+2116 (decimal 8470)
   defining Unicode char U+2329 (decimal 9001)
   defining Unicode char U+232A (decimal 9002)
   defining Unicode char U+2423 (decimal 9251)
   defining Unicode char U+27E8 (decimal 10216)
   defining Unicode char U+27E9 (decimal 10217)
   defining Unicode char U+FB00 (decimal 64256)
   defining Unicode char U+FB01 (decimal 64257)
   defining Unicode char U+FB02 (decimal 64258)
   defining Unicode char U+FB03 (decimal 64259)
   defining Unicode char U+FB04 (decimal 64260)
   defining Unicode char U+FB05 (decimal 64261)
   defining Unicode char U+FB06 (decimal 64262)
))
LaTeX Font Info:    Trying to load font information for T2A+cmr on input line 112.
 (/usr/local/texlive/2022/texmf-dist/tex/latex/cyrillic/t2acmr.fd
File: t2acmr.fd 2001/08/11 v1.0a Computer Modern Cyrillic font definitions
)) (/usr/local/texlive/2022/texmf-dist/tex/generic/babel/babel.sty
Package: babel 2022/02/26 3.73 The Babel package
\babel@savecnt=\count196
\U@D=\dimen147
\l@unhyphenated=\language87
 (/usr/local/texlive/2022/texmf-dist/tex/generic/babel/txtbabel.def)
\bbl@readstream=\read2
\bbl@dirlevel=\count197
 (/usr/local/texlive/2022/texmf-dist/tex/generic/babel-russian/russianb.ldf
File: russianb.ldf 2021/01/10 1.3m Russian support for the Babel system
Language: russian 2020/09/09 1.3k Russian support for the Babel system
Package babel Info: Making " an active character on input line 124.
Package babel Info: Default for \cyrdash is provided on input line 163.
)) (/usr/local/texlive/2022/texmf-dist/tex/latex/mathtools/mathtools.sty
Package: mathtools 2022/02/07 v1.28a mathematical typesetting tools
 (/usr/local/texlive/2022/texmf-dist/tex/latex/tools/calc.sty
Package: calc 2017/05/25 v4.3 Infix arithmetic (KKT,FJ)
\calc@Acount=\count198
\calc@Bcount=\count199
\calc@Adimen=\dimen148
\calc@Bdimen=\dimen149
\calc@Askip=\skip63
\calc@Bskip=\skip64
LaTeX Info: Redefining \setlength on input line 80.
LaTeX Info: Redefining \addtolength on input line 81.
\calc@Ccount=\count266
\calc@Cskip=\skip65
) (/usr/local/texlive/2022/texmf-dist/tex/latex/mathtools/mhsetup.sty
Package: mhsetup 2021/03/18 v1.4 programming setup (MH)
) (/usr/local/texlive/2022/texmf-dist/tex/latex/amsmath/amsmath.sty
Package: amsmath 2021/10/15 v2.17l AMS math features
\@mathmargin=\skip66

For additional information on amsmath, use the `?' option.
(/usr/local/texlive/2022/texmf-dist/tex/latex/amsmath/amstext.sty
Package: amstext 2021/08/26 v2.01 AMS text
 (/usr/local/texlive/2022/texmf-dist/tex/latex/amsmath/amsgen.sty
File: amsgen.sty 1999/11/30 v2.0 generic functions
\@emptytoks=\toks20
\ex@=\dimen150
)) (/usr/local/texlive/2022/texmf-dist/tex/latex/amsmath/amsbsy.sty
Package: amsbsy 1999/11/29 v1.2d Bold Symbols
\pmbraise@=\dimen151
) (/usr/local/texlive/2022/texmf-dist/tex/latex/amsmath/amsopn.sty
Package: amsopn 2021/08/26 v2.02 operator names
)
\inf@bad=\count267
LaTeX Info: Redefining \frac on input line 234.
\uproot@=\count268
\leftroot@=\count269
LaTeX Info: Redefining \overline on input line 399.
\classnum@=\count270
\DOTSCASE@=\count271
LaTeX Info: Redefining \ldots on input line 496.
LaTeX Info: Redefining \dots on input line 499.
LaTeX Info: Redefining \cdots on input line 620.
\Mathstrutbox@=\box50
\strutbox@=\box51
\big@size=\dimen152
LaTeX Font Info:    Redeclaring font encoding OML on input line 743.
LaTeX Font Info:    Redeclaring font encoding OMS on input line 744.
\macc@depth=\count272
\c@MaxMatrixCols=\count273
\dotsspace@=\muskip16
\c@parentequation=\count274
\dspbrk@lvl=\count275
\tag@help=\toks21
\row@=\count276
\column@=\count277
\maxfields@=\count278
\andhelp@=\toks22
\eqnshift@=\dimen153
\alignsep@=\dimen154
\tagshift@=\dimen155
\tagwidth@=\dimen156
\totwidth@=\dimen157
\lineht@=\dimen158
\@envbody=\toks23
\multlinegap=\skip67
\multlinetaggap=\skip68
\mathdisplay@stack=\toks24
LaTeX Info: Redefining \[ on input line 2938.
LaTeX Info: Redefining \] on input line 2939.
)
\g_MT_multlinerow_int=\count279
\l_MT_multwidth_dim=\dimen159
\origjot=\skip69
\l_MT_shortvdotswithinadjustabove_dim=\dimen160
\l_MT_shortvdotswithinadjustbelow_dim=\dimen161
\l_MT_above_intertext_sep=\dimen162
\l_MT_below_intertext_sep=\dimen163
\l_MT_above_shortintertext_sep=\dimen164
\l_MT_below_shortintertext_sep=\dimen165
\xmathstrut@box=\box52
\xmathstrut@dim=\dimen166
) (/usr/local/texlive/2022/texmf-dist/tex/latex/tools/tabularx.sty
Package: tabularx 2020/01/15 v2.11c `tabularx' package (DPC)
 (/usr/local/texlive/2022/texmf-dist/tex/latex/tools/array.sty
Package: array 2021/10/04 v2.5f Tabular extension package (FMi)
\col@sep=\dimen167
\ar@mcellbox=\box53
\extrarowheight=\dimen168
\NC@list=\toks25
\extratabsurround=\skip70
\backup@length=\skip71
\ar@cellbox=\box54
)
\TX@col@width=\dimen169
\TX@old@table=\dimen170
\TX@old@col=\dimen171
\TX@target=\dimen172
\TX@delta=\dimen173
\TX@cols=\count280
\TX@ftn=\toks26
) (/usr/local/texlive/2022/texmf-dist/tex/latex/pdflscape/pdflscape.sty
Package: pdflscape 2019/12/05 v0.12 Display of landscape pages in PDF (HO)
 (/usr/local/texlive/2022/texmf-dist/tex/latex/graphics/lscape.sty
Package: lscape 2020/05/28 v3.02 Landscape Pages (DPC)
 (/usr/local/texlive/2022/texmf-dist/tex/latex/graphics/graphics.sty
Package: graphics 2021/03/04 v1.4d Standard LaTeX Graphics (DPC,SPQR)
 (/usr/local/texlive/2022/texmf-dist/tex/latex/graphics/trig.sty
Package: trig 2021/08/11 v1.11 sin cos tan (DPC)
) (/usr/local/texlive/2022/texmf-dist/tex/latex/graphics-cfg/graphics.cfg
File: graphics.cfg 2016/06/04 v1.11 sample graphics configuration
)
Package graphics Info: Driver file: pdftex.def on input line 107.
 (/usr/local/texlive/2022/texmf-dist/tex/latex/graphics-def/pdftex.def
File: pdftex.def 2020/10/05 v1.2a Graphics/color driver for pdftex
)))
Package pdflscape Info: Auto-detected driver: pdftex on input line 81.
) (/usr/local/texlive/2022/texmf-dist/tex/latex/tools/afterpage.sty
Package: afterpage 2014/10/28 v1.08 After-Page Package (DPC)
\AP@output=\toks27
\AP@partial=\box55
\AP@footins=\box56
) (/usr/local/texlive/2022/texmf-dist/tex/latex/multirow/multirow.sty
Package: multirow 2021/03/15 v2.8 Span multiple rows of a table
\multirow@colwidth=\skip72
\multirow@cntb=\count281
\multirow@dima=\skip73
\bigstrutjot=\dimen174
) (/usr/local/texlive/2022/texmf-dist/tex/latex/enumitem/enumitem.sty
Package: enumitem 2019/06/20 v3.9 Customized lists
\labelindent=\skip74
\enit@outerparindent=\dimen175
\enit@toks=\toks28
\enit@inbox=\box57
\enit@count@id=\count282
\enitdp@description=\count283
) (/usr/local/texlive/2022/texmf-dist/tex/latex/amsfonts/amssymb.sty
Package: amssymb 2013/01/14 v3.01 AMS font symbols
 (/usr/local/texlive/2022/texmf-dist/tex/latex/amsfonts/amsfonts.sty
Package: amsfonts 2013/01/14 v3.01 Basic AMSFonts support
\symAMSa=\mathgroup4
\symAMSb=\mathgroup5
LaTeX Font Info:    Redeclaring math symbol \hbar on input line 98.
LaTeX Font Info:    Overwriting math alphabet `\mathfrak' in version `bold'
(Font)                  U/euf/m/n --> U/euf/b/n on input line 106.
)) (/usr/local/texlive/2022/texmf-dist/tex/latex/tools/longtable.sty
Package: longtable 2021-09-01 v4.17 Multi-page Table package (DPC)
\LTleft=\skip75
\LTright=\skip76
\LTpre=\skip77
\LTpost=\skip78
\LTchunksize=\count284
\LTcapwidth=\dimen176
\LT@head=\box58
\LT@firsthead=\box59
\LT@foot=\box60
\LT@lastfoot=\box61
\LT@gbox=\box62
\LT@cols=\count285
\LT@rows=\count286
\c@LT@tables=\count287
\c@LT@chunks=\count288
\LT@p@ftn=\toks29
) (/usr/local/texlive/2022/texmf-dist/tex/latex/graphics/graphicx.sty
Package: graphicx 2021/09/16 v1.2d Enhanced LaTeX Graphics (DPC,SPQR)
\Gin@req@height=\dimen177
\Gin@req@width=\dimen178
) (/usr/local/texlive/2022/texmf-dist/tex/latex/graphics/epsfig.sty
Package: epsfig 2017/06/25 v1.7b (e)psfig emulation (SPQR)
\epsfxsize=\dimen179
\epsfysize=\dimen180
) (/usr/local/texlive/2022/texmf-dist/tex/latex/hyperref/hyperref.sty
Package: hyperref 2022-02-21 v7.00n Hypertext links for LaTeX
 (/usr/local/texlive/2022/texmf-dist/tex/generic/ltxcmds/ltxcmds.sty
Package: ltxcmds 2020-05-10 v1.25 LaTeX kernel commands for general use (HO)
) (/usr/local/texlive/2022/texmf-dist/tex/generic/pdftexcmds/pdftexcmds.sty
Package: pdftexcmds 2020-06-27 v0.33 Utility functions of pdfTeX for LuaTeX (HO)
 (/usr/local/texlive/2022/texmf-dist/tex/generic/infwarerr/infwarerr.sty
Package: infwarerr 2019/12/03 v1.5 Providing info/warning/error messages (HO)
)
Package pdftexcmds Info: \pdf@primitive is available.
Package pdftexcmds Info: \pdf@ifprimitive is available.
Package pdftexcmds Info: \pdfdraftmode found.
) (/usr/local/texlive/2022/texmf-dist/tex/generic/kvsetkeys/kvsetkeys.sty
Package: kvsetkeys 2019/12/15 v1.18 Key value parser (HO)
) (/usr/local/texlive/2022/texmf-dist/tex/generic/kvdefinekeys/kvdefinekeys.sty
Package: kvdefinekeys 2019-12-19 v1.6 Define keys (HO)
) (/usr/local/texlive/2022/texmf-dist/tex/generic/pdfescape/pdfescape.sty
Package: pdfescape 2019/12/09 v1.15 Implements pdfTeX's escape features (HO)
) (/usr/local/texlive/2022/texmf-dist/tex/latex/hycolor/hycolor.sty
Package: hycolor 2020-01-27 v1.10 Color options for hyperref/bookmark (HO)
) (/usr/local/texlive/2022/texmf-dist/tex/latex/letltxmacro/letltxmacro.sty
Package: letltxmacro 2019/12/03 v1.6 Let assignment for LaTeX macros (HO)
) (/usr/local/texlive/2022/texmf-dist/tex/latex/auxhook/auxhook.sty
Package: auxhook 2019-12-17 v1.6 Hooks for auxiliary files (HO)
) (/usr/local/texlive/2022/texmf-dist/tex/latex/kvoptions/kvoptions.sty
Package: kvoptions 2020-10-07 v3.14 Key value format for package options (HO)
)
\@linkdim=\dimen181
\Hy@linkcounter=\count289
\Hy@pagecounter=\count290
 (/usr/local/texlive/2022/texmf-dist/tex/latex/hyperref/pd1enc.def
File: pd1enc.def 2022-02-21 v7.00n Hyperref: PDFDocEncoding definition (HO)
Now handling font encoding PD1 ...
... no UTF-8 mapping file for font encoding PD1
) (/usr/local/texlive/2022/texmf-dist/tex/generic/intcalc/intcalc.sty
Package: intcalc 2019/12/15 v1.3 Expandable calculations with integers (HO)
) (/usr/local/texlive/2022/texmf-dist/tex/generic/etexcmds/etexcmds.sty
Package: etexcmds 2019/12/15 v1.7 Avoid name clashes with e-TeX commands (HO)
)
\Hy@SavedSpaceFactor=\count291
 (/usr/local/texlive/2022/texmf-dist/tex/latex/hyperref/puenc.def
File: puenc.def 2022-02-21 v7.00n Hyperref: PDF Unicode definition (HO)
Now handling font encoding PU ...
... no UTF-8 mapping file for font encoding PU
)
Package hyperref Info: Option `unicode' set `true' on input line 3128.
Package hyperref Info: Option `unicode' set `true' on input line 4018.
Package hyperref Info: Option `colorlinks' set `false' on input line 4018.
Package hyperref Info: Hyper figures OFF on input line 4137.
Package hyperref Info: Link nesting OFF on input line 4142.
Package hyperref Info: Hyper index ON on input line 4145.
Package hyperref Info: Plain pages OFF on input line 4152.
Package hyperref Info: Backreferencing OFF on input line 4157.
Package hyperref Info: Implicit mode ON; LaTeX internals redefined.
Package hyperref Info: Bookmarks ON on input line 4390.
\c@Hy@tempcnt=\count292
 (/usr/local/texlive/2022/texmf-dist/tex/latex/url/url.sty
\Urlmuskip=\muskip17
Package: url 2013/09/16  ver 3.4  Verb mode for urls, etc.
)
LaTeX Info: Redefining \url on input line 4749.
\XeTeXLinkMargin=\dimen182
 (/usr/local/texlive/2022/texmf-dist/tex/generic/bitset/bitset.sty
Package: bitset 2019/12/09 v1.3 Handle bit-vector datatype (HO)
 (/usr/local/texlive/2022/texmf-dist/tex/generic/bigintcalc/bigintcalc.sty
Package: bigintcalc 2019/12/15 v1.5 Expandable calculations on big integers (HO)
))
\Fld@menulength=\count293
\Field@Width=\dimen183
\Fld@charsize=\dimen184
Package hyperref Info: Hyper figures OFF on input line 6027.
Package hyperref Info: Link nesting OFF on input line 6032.
Package hyperref Info: Hyper index ON on input line 6035.
Package hyperref Info: backreferencing OFF on input line 6042.
Package hyperref Info: Link coloring OFF on input line 6047.
Package hyperref Info: Link coloring with OCG OFF on input line 6052.
Package hyperref Info: PDF/A mode OFF on input line 6057.
LaTeX Info: Redefining \ref on input line 6097.
LaTeX Info: Redefining \pageref on input line 6101.
 (/usr/local/texlive/2022/texmf-dist/tex/latex/base/atbegshi-ltx.sty
Package: atbegshi-ltx 2021/01/10 v1.0c Emulation of the original atbegshi
package with kernel methods
)
\Hy@abspage=\count294
\c@Item=\count295
\c@Hfootnote=\count296
)
Package hyperref Info: Driver (autodetected): hpdftex.
 (/usr/local/texlive/2022/texmf-dist/tex/latex/hyperref/hpdftex.def
File: hpdftex.def 2022-02-21 v7.00n Hyperref driver for pdfTeX
 (/usr/local/texlive/2022/texmf-dist/tex/latex/base/atveryend-ltx.sty
Package: atveryend-ltx 2020/08/19 v1.0a Emulation of the original atveryend package
with kernel methods
)
\Fld@listcount=\count297
\c@bookmark@seq@number=\count298
 (/usr/local/texlive/2022/texmf-dist/tex/latex/rerunfilecheck/rerunfilecheck.sty
Package: rerunfilecheck 2019/12/05 v1.9 Rerun checks for auxiliary files (HO)
 (/usr/local/texlive/2022/texmf-dist/tex/generic/uniquecounter/uniquecounter.sty
Package: uniquecounter 2019/12/15 v1.4 Provide unlimited unique counter (HO)
)
Package uniquecounter Info: New unique counter `rerunfilecheck' on input line 286.
)
\Hy@SectionHShift=\skip79
) (/usr/local/texlive/2022/texmf-dist/tex/latex/base/textcomp.sty
Package: textcomp 2020/02/02 v2.0n Standard LaTeX package
) (/usr/local/texlive/2022/texmf-dist/tex/latex/fancyvrb/fancyvrb.sty
Package: fancyvrb 2021/12/21 4.1b verbatim text (tvz,hv)
\FV@CodeLineNo=\count299
\FV@InFile=\read3
\FV@TabBox=\box63
\c@FancyVerbLine=\count300
\FV@StepNumber=\count301
\FV@OutFile=\write3
) (/usr/local/texlive/2022/texmf-dist/tex/latex/listings/listings.sty
\lst@mode=\count302
\lst@gtempboxa=\box64
\lst@token=\toks30
\lst@length=\count303
\lst@currlwidth=\dimen185
\lst@column=\count304
\lst@pos=\count305
\lst@lostspace=\dimen186
\lst@width=\dimen187
\lst@newlines=\count306
\lst@lineno=\count307
\lst@maxwidth=\dimen188
 (/usr/local/texlive/2022/texmf-dist/tex/latex/listings/lstmisc.sty
File: lstmisc.sty 2020/03/24 1.8d (Carsten Heinz)
\c@lstnumber=\count308
\lst@skipnumbers=\count309
\lst@framebox=\box65
) (/usr/local/texlive/2022/texmf-dist/tex/latex/listings/listings.cfg
File: listings.cfg 2020/03/24 1.8d listings configuration
))
Package: listings 2020/03/24 1.8d (Carsten Heinz)
 (/usr/local/texlive/2022/texmf-dist/tex/latex/totcount/totcount.sty
Package: totcount 2011/01/25 v1.2 package for gettingthe total value of LaTeX counters
) (/usr/local/texlive/2022/texmf-dist/tex/latex/floatrow/floatrow.sty
Package: floatrow 2008/08/02 v0.3b floatrow: float package extension
 (/usr/local/texlive/2022/texmf-dist/tex/latex/caption/caption3.sty
Package: caption3 2022/03/17 v2.3b caption3 kernel (AR)
\caption@tempdima=\dimen189
\captionmargin=\dimen190
\caption@leftmargin=\dimen191
\caption@rightmargin=\dimen192
\caption@width=\dimen193
\caption@indent=\dimen194
\caption@parindent=\dimen195
\caption@hangindent=\dimen196
Package caption Info: Unknown document class (or package),
(caption)             standard defaults will be used.
Package caption Info: \@makecaption = \long macro:#1#2->\vskip \abovecaptionskip \ifx \@captype \captable \normalfont #1. -- #2 \par \else \small \bfseries \centering #1. -- #2 \fi \vskip \belowcaptionskip  on input line 1176.
)
\c@float@type=\count310
\float@exts=\toks31
\float@box=\box66
\@floatcapt=\box67
Package floatrow Info: Modified float package code loaded on input line 455.
Package floatrow Info: Modified rotfloat package code loaded on input line 473.
\FR@everyfloat=\toks32
\flrow@foot=\insert252
\FB@wd=\dimen197
\FBo@wd=\dimen198
\FBc@wd=\dimen199
\FBo@ht=\skip80
\FBc@ht=\skip81
\FBf@ht=\skip82
\FBo@max=\skip83
\FBc@max=\skip84
\FBf@max=\skip85
\c@FBl@b=\count311
\floatbox@depth=\count312
\c@FRobj=\count313
\c@FRsobj=\count314
\Xhsize=\skip86
\sXhsize=\skip87
\Zhsize=\skip88
\sZhsize=\skip89
\flrow@rowbox=\box68
\FR@Zunitlength=\dimen256
\c@FBcnt=\count315
\FPOScnt=\count316
\LTleft=\skip90
\LTright=\skip91
\LTleft=\skip92
\LTright=\skip93
\flrow@types=\toks33
) (/usr/local/texlive/2022/texmf-dist/tex/latex/pgf/frontendlayer/tikz.sty (/usr/local/texlive/2022/texmf-dist/tex/latex/pgf/basiclayer/pgf.sty (/usr/local/texlive/2022/texmf-dist/tex/latex/pgf/utilities/pgfrcs.sty (/usr/local/texlive/2022/texmf-dist/tex/generic/pgf/utilities/pgfutil-common.tex
\pgfutil@everybye=\toks34
\pgfutil@tempdima=\dimen257
\pgfutil@tempdimb=\dimen258
 (/usr/local/texlive/2022/texmf-dist/tex/generic/pgf/utilities/pgfutil-common-lists.tex)) (/usr/local/texlive/2022/texmf-dist/tex/generic/pgf/utilities/pgfutil-latex.def
\pgfutil@abb=\box69
) (/usr/local/texlive/2022/texmf-dist/tex/generic/pgf/utilities/pgfrcs.code.tex (/usr/local/texlive/2022/texmf-dist/tex/generic/pgf/pgf.revision.tex)
Package: pgfrcs 2021/05/15 v3.1.9a (3.1.9a)
))
Package: pgf 2021/05/15 v3.1.9a (3.1.9a)
 (/usr/local/texlive/2022/texmf-dist/tex/latex/pgf/basiclayer/pgfcore.sty (/usr/local/texlive/2022/texmf-dist/tex/latex/pgf/systemlayer/pgfsys.sty (/usr/local/texlive/2022/texmf-dist/tex/generic/pgf/systemlayer/pgfsys.code.tex
Package: pgfsys 2021/05/15 v3.1.9a (3.1.9a)
 (/usr/local/texlive/2022/texmf-dist/tex/generic/pgf/utilities/pgfkeys.code.tex
\pgfkeys@pathtoks=\toks35
\pgfkeys@temptoks=\toks36
 (/usr/local/texlive/2022/texmf-dist/tex/generic/pgf/utilities/pgfkeysfiltered.code.tex
\pgfkeys@tmptoks=\toks37
))
\pgf@x=\dimen259
\pgf@y=\dimen260
\pgf@xa=\dimen261
\pgf@ya=\dimen262
\pgf@xb=\dimen263
\pgf@yb=\dimen264
\pgf@xc=\dimen265
\pgf@yc=\dimen266
\pgf@xd=\dimen267
\pgf@yd=\dimen268
\w@pgf@writea=\write4
\r@pgf@reada=\read4
\c@pgf@counta=\count317
\c@pgf@countb=\count318
\c@pgf@countc=\count319
\c@pgf@countd=\count320
\t@pgf@toka=\toks38
\t@pgf@tokb=\toks39
\t@pgf@tokc=\toks40
\pgf@sys@id@count=\count321
 (/usr/local/texlive/2022/texmf-dist/tex/generic/pgf/systemlayer/pgf.cfg
File: pgf.cfg 2021/05/15 v3.1.9a (3.1.9a)
)
Driver file for pgf: pgfsys-pdftex.def
 (/usr/local/texlive/2022/texmf-dist/tex/generic/pgf/systemlayer/pgfsys-pdftex.def
File: pgfsys-pdftex.def 2021/05/15 v3.1.9a (3.1.9a)
 (/usr/local/texlive/2022/texmf-dist/tex/generic/pgf/systemlayer/pgfsys-common-pdf.def
File: pgfsys-common-pdf.def 2021/05/15 v3.1.9a (3.1.9a)
))) (/usr/local/texlive/2022/texmf-dist/tex/generic/pgf/systemlayer/pgfsyssoftpath.code.tex
File: pgfsyssoftpath.code.tex 2021/05/15 v3.1.9a (3.1.9a)
\pgfsyssoftpath@smallbuffer@items=\count322
\pgfsyssoftpath@bigbuffer@items=\count323
) (/usr/local/texlive/2022/texmf-dist/tex/generic/pgf/systemlayer/pgfsysprotocol.code.tex
File: pgfsysprotocol.code.tex 2021/05/15 v3.1.9a (3.1.9a)
)) (/usr/local/texlive/2022/texmf-dist/tex/latex/xcolor/xcolor.sty
Package: xcolor 2021/10/31 v2.13 LaTeX color extensions (UK)
 (/usr/local/texlive/2022/texmf-dist/tex/latex/graphics-cfg/color.cfg
File: color.cfg 2016/01/02 v1.6 sample color configuration
)
Package xcolor Info: Driver file: pdftex.def on input line 227.
Package xcolor Info: Model `cmy' substituted by `cmy0' on input line 1352.
Package xcolor Info: Model `hsb' substituted by `rgb' on input line 1356.
Package xcolor Info: Model `RGB' extended on input line 1368.
Package xcolor Info: Model `HTML' substituted by `rgb' on input line 1370.
Package xcolor Info: Model `Hsb' substituted by `hsb' on input line 1371.
Package xcolor Info: Model `tHsb' substituted by `hsb' on input line 1372.
Package xcolor Info: Model `HSB' substituted by `hsb' on input line 1373.
Package xcolor Info: Model `Gray' substituted by `gray' on input line 1374.
Package xcolor Info: Model `wave' substituted by `hsb' on input line 1375.
) (/usr/local/texlive/2022/texmf-dist/tex/generic/pgf/basiclayer/pgfcore.code.tex
Package: pgfcore 2021/05/15 v3.1.9a (3.1.9a)
 (/usr/local/texlive/2022/texmf-dist/tex/generic/pgf/math/pgfmath.code.tex (/usr/local/texlive/2022/texmf-dist/tex/generic/pgf/math/pgfmathcalc.code.tex (/usr/local/texlive/2022/texmf-dist/tex/generic/pgf/math/pgfmathutil.code.tex) (/usr/local/texlive/2022/texmf-dist/tex/generic/pgf/math/pgfmathparser.code.tex
\pgfmath@dimen=\dimen269
\pgfmath@count=\count324
\pgfmath@box=\box70
\pgfmath@toks=\toks41
\pgfmath@stack@operand=\toks42
\pgfmath@stack@operation=\toks43
) (/usr/local/texlive/2022/texmf-dist/tex/generic/pgf/math/pgfmathfunctions.code.tex (/usr/local/texlive/2022/texmf-dist/tex/generic/pgf/math/pgfmathfunctions.basic.code.tex) (/usr/local/texlive/2022/texmf-dist/tex/generic/pgf/math/pgfmathfunctions.trigonometric.code.tex) (/usr/local/texlive/2022/texmf-dist/tex/generic/pgf/math/pgfmathfunctions.random.code.tex) (/usr/local/texlive/2022/texmf-dist/tex/generic/pgf/math/pgfmathfunctions.comparison.code.tex) (/usr/local/texlive/2022/texmf-dist/tex/generic/pgf/math/pgfmathfunctions.base.code.tex) (/usr/local/texlive/2022/texmf-dist/tex/generic/pgf/math/pgfmathfunctions.round.code.tex) (/usr/local/texlive/2022/texmf-dist/tex/generic/pgf/math/pgfmathfunctions.misc.code.tex) (/usr/local/texlive/2022/texmf-dist/tex/generic/pgf/math/pgfmathfunctions.integerarithmetics.code.tex))) (/usr/local/texlive/2022/texmf-dist/tex/generic/pgf/math/pgfmathfloat.code.tex
\c@pgfmathroundto@lastzeros=\count325
)) (/usr/local/texlive/2022/texmf-dist/tex/generic/pgf/math/pgfint.code.tex) (/usr/local/texlive/2022/texmf-dist/tex/generic/pgf/basiclayer/pgfcorepoints.code.tex
File: pgfcorepoints.code.tex 2021/05/15 v3.1.9a (3.1.9a)
\pgf@picminx=\dimen270
\pgf@picmaxx=\dimen271
\pgf@picminy=\dimen272
\pgf@picmaxy=\dimen273
\pgf@pathminx=\dimen274
\pgf@pathmaxx=\dimen275
\pgf@pathminy=\dimen276
\pgf@pathmaxy=\dimen277
\pgf@xx=\dimen278
\pgf@xy=\dimen279
\pgf@yx=\dimen280
\pgf@yy=\dimen281
\pgf@zx=\dimen282
\pgf@zy=\dimen283
) (/usr/local/texlive/2022/texmf-dist/tex/generic/pgf/basiclayer/pgfcorepathconstruct.code.tex
File: pgfcorepathconstruct.code.tex 2021/05/15 v3.1.9a (3.1.9a)
\pgf@path@lastx=\dimen284
\pgf@path@lasty=\dimen285
) (/usr/local/texlive/2022/texmf-dist/tex/generic/pgf/basiclayer/pgfcorepathusage.code.tex
File: pgfcorepathusage.code.tex 2021/05/15 v3.1.9a (3.1.9a)
\pgf@shorten@end@additional=\dimen286
\pgf@shorten@start@additional=\dimen287
) (/usr/local/texlive/2022/texmf-dist/tex/generic/pgf/basiclayer/pgfcorescopes.code.tex
File: pgfcorescopes.code.tex 2021/05/15 v3.1.9a (3.1.9a)
\pgfpic=\box71
\pgf@hbox=\box72
\pgf@layerbox@main=\box73
\pgf@picture@serial@count=\count326
) (/usr/local/texlive/2022/texmf-dist/tex/generic/pgf/basiclayer/pgfcoregraphicstate.code.tex
File: pgfcoregraphicstate.code.tex 2021/05/15 v3.1.9a (3.1.9a)
\pgflinewidth=\dimen288
) (/usr/local/texlive/2022/texmf-dist/tex/generic/pgf/basiclayer/pgfcoretransformations.code.tex
File: pgfcoretransformations.code.tex 2021/05/15 v3.1.9a (3.1.9a)
\pgf@pt@x=\dimen289
\pgf@pt@y=\dimen290
\pgf@pt@temp=\dimen291
) (/usr/local/texlive/2022/texmf-dist/tex/generic/pgf/basiclayer/pgfcorequick.code.tex
File: pgfcorequick.code.tex 2021/05/15 v3.1.9a (3.1.9a)
) (/usr/local/texlive/2022/texmf-dist/tex/generic/pgf/basiclayer/pgfcoreobjects.code.tex
File: pgfcoreobjects.code.tex 2021/05/15 v3.1.9a (3.1.9a)
) (/usr/local/texlive/2022/texmf-dist/tex/generic/pgf/basiclayer/pgfcorepathprocessing.code.tex
File: pgfcorepathprocessing.code.tex 2021/05/15 v3.1.9a (3.1.9a)
) (/usr/local/texlive/2022/texmf-dist/tex/generic/pgf/basiclayer/pgfcorearrows.code.tex
File: pgfcorearrows.code.tex 2021/05/15 v3.1.9a (3.1.9a)
\pgfarrowsep=\dimen292
) (/usr/local/texlive/2022/texmf-dist/tex/generic/pgf/basiclayer/pgfcoreshade.code.tex
File: pgfcoreshade.code.tex 2021/05/15 v3.1.9a (3.1.9a)
\pgf@max=\dimen293
\pgf@sys@shading@range@num=\count327
\pgf@shadingcount=\count328
) (/usr/local/texlive/2022/texmf-dist/tex/generic/pgf/basiclayer/pgfcoreimage.code.tex
File: pgfcoreimage.code.tex 2021/05/15 v3.1.9a (3.1.9a)
 (/usr/local/texlive/2022/texmf-dist/tex/generic/pgf/basiclayer/pgfcoreexternal.code.tex
File: pgfcoreexternal.code.tex 2021/05/15 v3.1.9a (3.1.9a)
\pgfexternal@startupbox=\box74
)) (/usr/local/texlive/2022/texmf-dist/tex/generic/pgf/basiclayer/pgfcorelayers.code.tex
File: pgfcorelayers.code.tex 2021/05/15 v3.1.9a (3.1.9a)
) (/usr/local/texlive/2022/texmf-dist/tex/generic/pgf/basiclayer/pgfcoretransparency.code.tex
File: pgfcoretransparency.code.tex 2021/05/15 v3.1.9a (3.1.9a)
) (/usr/local/texlive/2022/texmf-dist/tex/generic/pgf/basiclayer/pgfcorepatterns.code.tex
File: pgfcorepatterns.code.tex 2021/05/15 v3.1.9a (3.1.9a)
) (/usr/local/texlive/2022/texmf-dist/tex/generic/pgf/basiclayer/pgfcorerdf.code.tex
File: pgfcorerdf.code.tex 2021/05/15 v3.1.9a (3.1.9a)
))) (/usr/local/texlive/2022/texmf-dist/tex/generic/pgf/modules/pgfmoduleshapes.code.tex
File: pgfmoduleshapes.code.tex 2021/05/15 v3.1.9a (3.1.9a)
\pgfnodeparttextbox=\box75
) (/usr/local/texlive/2022/texmf-dist/tex/generic/pgf/modules/pgfmoduleplot.code.tex
File: pgfmoduleplot.code.tex 2021/05/15 v3.1.9a (3.1.9a)
) (/usr/local/texlive/2022/texmf-dist/tex/latex/pgf/compatibility/pgfcomp-version-0-65.sty
Package: pgfcomp-version-0-65 2021/05/15 v3.1.9a (3.1.9a)
\pgf@nodesepstart=\dimen294
\pgf@nodesepend=\dimen295
) (/usr/local/texlive/2022/texmf-dist/tex/latex/pgf/compatibility/pgfcomp-version-1-18.sty
Package: pgfcomp-version-1-18 2021/05/15 v3.1.9a (3.1.9a)
)) (/usr/local/texlive/2022/texmf-dist/tex/latex/pgf/utilities/pgffor.sty (/usr/local/texlive/2022/texmf-dist/tex/latex/pgf/utilities/pgfkeys.sty (/usr/local/texlive/2022/texmf-dist/tex/generic/pgf/utilities/pgfkeys.code.tex)) (/usr/local/texlive/2022/texmf-dist/tex/latex/pgf/math/pgfmath.sty (/usr/local/texlive/2022/texmf-dist/tex/generic/pgf/math/pgfmath.code.tex)) (/usr/local/texlive/2022/texmf-dist/tex/generic/pgf/utilities/pgffor.code.tex
Package: pgffor 2021/05/15 v3.1.9a (3.1.9a)
 (/usr/local/texlive/2022/texmf-dist/tex/generic/pgf/math/pgfmath.code.tex)
\pgffor@iter=\dimen296
\pgffor@skip=\dimen297
\pgffor@stack=\toks44
\pgffor@toks=\toks45
)) (/usr/local/texlive/2022/texmf-dist/tex/generic/pgf/frontendlayer/tikz/tikz.code.tex
Package: tikz 2021/05/15 v3.1.9a (3.1.9a)
 (/usr/local/texlive/2022/texmf-dist/tex/generic/pgf/libraries/pgflibraryplothandlers.code.tex
File: pgflibraryplothandlers.code.tex 2021/05/15 v3.1.9a (3.1.9a)
\pgf@plot@mark@count=\count329
\pgfplotmarksize=\dimen298
)
\tikz@lastx=\dimen299
\tikz@lasty=\dimen300
\tikz@lastxsaved=\dimen301
\tikz@lastysaved=\dimen302
\tikz@lastmovetox=\dimen303
\tikz@lastmovetoy=\dimen304
\tikzleveldistance=\dimen305
\tikzsiblingdistance=\dimen306
\tikz@figbox=\box76
\tikz@figbox@bg=\box77
\tikz@tempbox=\box78
\tikz@tempbox@bg=\box79
\tikztreelevel=\count330
\tikznumberofchildren=\count331
\tikznumberofcurrentchild=\count332
\tikz@fig@count=\count333
 (/usr/local/texlive/2022/texmf-dist/tex/generic/pgf/modules/pgfmodulematrix.code.tex
File: pgfmodulematrix.code.tex 2021/05/15 v3.1.9a (3.1.9a)
\pgfmatrixcurrentrow=\count334
\pgfmatrixcurrentcolumn=\count335
\pgf@matrix@numberofcolumns=\count336
)
\tikz@expandcount=\count337
 (/usr/local/texlive/2022/texmf-dist/tex/generic/pgf/frontendlayer/tikz/libraries/tikzlibrarytopaths.code.tex
File: tikzlibrarytopaths.code.tex 2021/05/15 v3.1.9a (3.1.9a)
))) (/usr/local/texlive/2022/texmf-dist/tex/latex/easylist/easylist.sty
Package: easylist 2014/01/11 v.1.4 Numbered items with a single command.
\el@CounterTotal=\count338
\el@Scratch=\count339
\el@ControlCounter=\count340
\el@CounterLevel=\count341
\c@List1=\count342
\c@List2=\count343
\c@List3=\count344
\c@List4=\count345
\c@List5=\count346
\c@List6=\count347
\c@List7=\count348
\c@List8=\count349
\c@List9=\count350
\c@List10=\count351
\el@ProgressiveDimension=\dimen307
\el@CounterBox=\box80
\el@ControlBox=\box81
\el@TotalMargin=\dimen308
\el@LeftMove=\dimen309
) (/usr/local/texlive/2022/texmf-dist/tex/latex/algorithm2e/algorithm2e.sty
Package: algorithm2e 2017/07/18 v5.2 algorithms environments
\c@AlgoLine=\count352
 (/usr/local/texlive/2022/texmf-dist/tex/latex/base/ifthen.sty
Package: ifthen 2020/11/24 v1.1c Standard LaTeX ifthen package (DPC)
)
\algocf@hangindent=\skip94
 (/usr/local/texlive/2022/texmf-dist/tex/latex/ifoddpage/ifoddpage.sty
Package: ifoddpage 2016/04/23 v1.1 Conditionals for odd/even page detection
\c@checkoddpage=\count353
) (/usr/local/texlive/2022/texmf-dist/tex/latex/tools/xspace.sty
Package: xspace 2014/10/28 v1.13 Space after command names (DPC,MH)
) (/usr/local/texlive/2022/texmf-dist/tex/latex/relsize/relsize.sty
Package: relsize 2013/03/29 ver 4.1
)
\skiptotal=\skip95
\skiplinenumber=\skip96
\skiprule=\skip97
\skiphlne=\skip98
\skiptext=\skip99
\skiplength=\skip100
\algomargin=\skip101
\skipalgocfslide=\skip102
\algowidth=\dimen310
\inoutsize=\dimen311
\inoutindent=\dimen312
\interspacetitleruled=\dimen313
\interspacealgoruled=\dimen314
\interspacetitleboxruled=\dimen315
\algocf@ruledwidth=\skip103
\algocf@inoutbox=\box82
\algocf@inputbox=\box83
\AlCapSkip=\skip104
\AlCapHSkip=\skip105
\algoskipindent=\skip106
\algocf@nlbox=\box84
\algocf@hangingbox=\box85
\algocf@untilbox=\box86
\algocf@skipuntil=\skip107
\algocf@capbox=\box87
\algocf@lcaptionbox=\skip108
\algoheightruledefault=\skip109
\algoheightrule=\skip110
\algotitleheightruledefault=\skip111
\algotitleheightrule=\skip112
\c@algocfline=\count354
\c@algocfproc=\count355
\c@algocf=\count356
\algocf@algoframe=\box88
\algocf@algobox=\box89
)) (/usr/local/texlive/2022/texmf-dist/tex/latex/l3backend/l3backend-pdftex.def
File: l3backend-pdftex.def 2022-02-07 L3 backend support: PDF output (pdfTeX)
\l__color_backend_stack_int=\count357
\l__pdf_internal_box=\box90
) (./man-thesisby.aux (./titlepage.aux) (./termins.aux) (./reduction.aux) (./introduction.aux) (./description_of_work.aux) (./chapter1.aux) (./chapter2.aux) (./chapter3.aux) (./chapter4.aux) (./conclusions.aux) (./references.aux) (./appendixes/appendix_example.aux))
\openout1 = `man-thesisby.aux'.

LaTeX Font Info:    Checking defaults for OML/cmm/m/it on input line 5.
LaTeX Font Info:    ... okay on input line 5.
LaTeX Font Info:    Checking defaults for OMS/cmsy/m/n on input line 5.
LaTeX Font Info:    ... okay on input line 5.
LaTeX Font Info:    Checking defaults for OT1/cmr/m/n on input line 5.
LaTeX Font Info:    ... okay on input line 5.
LaTeX Font Info:    Checking defaults for T1/cmr/m/n on input line 5.
LaTeX Font Info:    ... okay on input line 5.
LaTeX Font Info:    Checking defaults for TS1/cmr/m/n on input line 5.
LaTeX Font Info:    ... okay on input line 5.
LaTeX Font Info:    Checking defaults for OMX/cmex/m/n on input line 5.
LaTeX Font Info:    ... okay on input line 5.
LaTeX Font Info:    Checking defaults for U/cmr/m/n on input line 5.
LaTeX Font Info:    ... okay on input line 5.
LaTeX Font Info:    Checking defaults for T2A/cmr/m/n on input line 5.
LaTeX Font Info:    ... okay on input line 5.
LaTeX Font Info:    Checking defaults for PD1/pdf/m/n on input line 5.
LaTeX Font Info:    ... okay on input line 5.
LaTeX Font Info:    Checking defaults for PU/pdf/m/n on input line 5.
LaTeX Font Info:    ... okay on input line 5.

*geometry* driver: auto-detecting
*geometry* detected driver: pdftex
*geometry* verbose mode - [ preamble ] result:
* driver: pdftex
* paper: a4paper
* layout: <same size as paper>
* layoutoffset:(h,v)=(0.0pt,0.0pt)
* modes: 
* h-part:(L,W,R)=(85.35826pt, 469.47049pt, 42.67912pt)
* v-part:(T,H,B)=(56.9055pt, 731.23584pt, 56.9055pt)
* \paperwidth=597.50787pt
* \paperheight=845.04684pt
* \textwidth=469.47049pt
* \textheight=731.23584pt
* \oddsidemargin=13.08827pt
* \evensidemargin=13.08827pt
* \topmargin=-54.9003pt
* \headheight=31.0pt
* \headsep=8.53581pt
* \topskip=14.0pt
* \footskip=30.0pt
* \marginparwidth=15.0pt
* \marginparsep=10.0pt
* \columnsep=10.0pt
* \skip\footins=12.0pt plus 4.0pt minus 2.0pt
* \hoffset=0.0pt
* \voffset=0.0pt
* \mag=1000
* \@twocolumnfalse
* \@twosidefalse
* \@mparswitchfalse
* \@reversemarginfalse
* (1in=72.27pt=25.4mm, 1cm=28.453pt)

LaTeX Info: Redefining \th on input line 5.
(/usr/local/texlive/2022/texmf-dist/tex/context/base/mkii/supp-pdf.mkii
[Loading MPS to PDF converter (version 2006.09.02).]
\scratchcounter=\count358
\scratchdimen=\dimen316
\scratchbox=\box91
\nofMPsegments=\count359
\nofMParguments=\count360
\everyMPshowfont=\toks46
\MPscratchCnt=\count361
\MPscratchDim=\dimen317
\MPnumerator=\count362
\makeMPintoPDFobject=\count363
\everyMPtoPDFconversion=\toks47
) (/usr/local/texlive/2022/texmf-dist/tex/latex/epstopdf-pkg/epstopdf-base.sty
Package: epstopdf-base 2020-01-24 v2.11 Base part for package epstopdf
Package epstopdf-base Info: Redefining graphics rule for `.eps' on input line 485.
 (/usr/local/texlive/2022/texmf-dist/tex/latex/latexconfig/epstopdf-sys.cfg
File: epstopdf-sys.cfg 2010/07/13 v1.3 Configuration of (r)epstopdf for TeX Live
))
Package hyperref Info: Link coloring OFF on input line 5.
 (/usr/local/texlive/2022/texmf-dist/tex/latex/hyperref/nameref.sty
Package: nameref 2021-04-02 v2.47 Cross-referencing by name of section
 (/usr/local/texlive/2022/texmf-dist/tex/latex/refcount/refcount.sty
Package: refcount 2019/12/15 v3.6 Data extraction from label references (HO)
) (/usr/local/texlive/2022/texmf-dist/tex/generic/gettitlestring/gettitlestring.sty
Package: gettitlestring 2019/12/15 v1.6 Cleanup title references (HO)
)
\c@section@level=\count364
)
LaTeX Info: Redefining \ref on input line 5.
LaTeX Info: Redefining \pageref on input line 5.
LaTeX Info: Redefining \nameref on input line 5.
 (./man-thesisby.out) (./man-thesisby.out)
\@outlinefile=\write5
\openout5 = `man-thesisby.out'.

\c@lstlisting=\count365
Package caption Info: Begin \AtBeginDocument code.
Package caption Info: End \AtBeginDocument code.
 (/usr/local/texlive/2022/texmf-dist/tex/latex/floatrow/fr-longtable.sty
Package: fr-longtable 2007/11/28 v0.1b (beta) floatrow: additions for longtable
\flrow@LT@lasthead=\box92
\flrow@LT@prelastfoot=\box93
\c@FBLTpage=\count366
)
\openout2 = `titlepage.aux'.

 (./titlepage.tex [1


{/usr/local/texlive/2022/texmf-var/fonts/map/pdftex/updmap/pdftex.map}]) (./man-thesisby.toc
LaTeX Font Info:    Trying to load font information for U+msa on input line 6.
 (/usr/local/texlive/2022/texmf-dist/tex/latex/amsfonts/umsa.fd
File: umsa.fd 2013/01/14 v3.01 AMS symbols A
)
LaTeX Font Info:    Trying to load font information for U+msb on input line 6.
 (/usr/local/texlive/2022/texmf-dist/tex/latex/amsfonts/umsb.fd
File: umsb.fd 2013/01/14 v3.01 AMS symbols B
)
Underfull \hbox (badness 10000) in paragraph at lines 25--25
 [][] [][]\T2A/cmr/m/n/14.4 Параметры вы-чис-ли-тель-но-го экс-пе-ри-мен-та и 
 []


Underfull \hbox (badness 1609) in paragraph at lines 32--32
 [][] [][]\T2A/cmr/m/n/14.4 Обучающие вы-бор-ки: фор-ми-ро-ва-ние и ос-нов-ные 
 []

[2



]
Underfull \hbox (badness 10000) in paragraph at lines 46--46
[] []\T2A/cmr/m/n/14.4 ПРИ-ЛО-ЖЕ-НИЕ Б До-ку-мен-ты об ис-поль-зо-ва-нии ре-зуль-та-тов 
 []

)
\tf@toc=\write6
\openout6 = `man-thesisby.toc'.

 [3]
\openout2 = `termins.aux'.

 (./termins.tex)
\openout2 = `reduction.aux'.

 (./reduction.tex [4





]) [5]
\openout2 = `introduction.aux'.

 (./introduction.tex (./introduction_content.tex)) [6




]
\openout2 = `description_of_work.aux'.

 (./description_of_work.tex (./description_of_work_content.tex (./characteristic.tex
Underfull \hbox (badness 10000) in paragraph at lines 4--5
[]\T2A/cmr/m/n/14.4 Тема дис-сер-та-ции со-от-вет-ству-ет при-о-ри-тет-но-му на-прав-ле-нию
 []

[7




] [8]
Underfull \hbox (badness 1194) in paragraph at lines 84--85
\T2A/cmr/m/n/14.4 (Брест, 2014); <<Ин-фор-ма-ци-он-ное, про-грамм-ное и тех-ни-че-ское обес-пе-
 []


Underfull \hbox (badness 2142) in paragraph at lines 84--85
\T2A/cmr/m/n/14.4 ми>> (Луцк, 2015); <<8th IEEE International Conference on Intelligent
 []


Underfull \hbox (badness 3302) in paragraph at lines 84--85
\T2A/cmr/m/n/14.4 Data Acquisition and Advanced Computing Systems: Technology and
 []

[9]))) [10]
\openout2 = `chapter1.aux'.

 (./chapter1.tex
{\cyrillictext \CYRG \CYRL \CYRA \CYRV \CYRA } 1.
[11




]
<..//man-source/images/ch1/pic0-1.png, id=303, 2629.825pt x 1063.975pt>
File: ..//man-source/images/ch1/pic0-1.png Graphic file (type png)
<use ..//man-source/images/ch1/pic0-1.png>
Package pdftex.def Info: ..//man-source/images/ch1/pic0-1.png  used on input line 24.
(pdftex.def)             Requested size: 469.47049pt x 189.93245pt.
 [12 <..//man-source/images/ch1/pic0-1.png>]
<..//man-source/images/ch1/pic0-2.png, id=319, 1957.3125pt x 1616.0375pt>
File: ..//man-source/images/ch1/pic0-2.png Graphic file (type png)
<use ..//man-source/images/ch1/pic0-2.png>
Package pdftex.def Info: ..//man-source/images/ch1/pic0-2.png  used on input line 33.
(pdftex.def)             Requested size: 281.68515pt x 232.55634pt.
 [13 <..//man-source/images/ch1/pic0-2.png>]
<..//man-source/images/ch1/pic1-1.png, id=358, 663.98062pt x 252.19218pt>
File: ..//man-source/images/ch1/pic1-1.png Graphic file (type png)
<use ..//man-source/images/ch1/pic1-1.png>
Package pdftex.def Info: ..//man-source/images/ch1/pic1-1.png  used on input line 64.
(pdftex.def)             Requested size: 469.47049pt x 178.315pt.
 [14] [15 <..//man-source/images/ch1/pic1-1.png>] [16] [17] [18]
Underfull \hbox (badness 1924) in paragraph at lines 145--146
[] []\T2A/cmr/m/n/14.4 Adam. Дан-ный ме-тод мож-но рас-смат-ри-вать как ком-би-на-цию
 []

<..//man-source/images/ch1/pic1-2.pdf, id=451, 493.845pt x 169.63374pt>
File: ..//man-source/images/ch1/pic1-2.pdf Graphic file (type pdf)
<use ..//man-source/images/ch1/pic1-2.pdf>
Package pdftex.def Info: ..//man-source/images/ch1/pic1-2.pdf  used on input line 168.
(pdftex.def)             Requested size: 328.6279pt x 112.88007pt.
[19 <..//man-source/images/ch1/pic1-2.pdf>]
<..//man-source/images/ch1/pic1-3.pdf, id=468, 200.75pt x 216.81pt>
File: ..//man-source/images/ch1/pic1-3.pdf Graphic file (type pdf)
<use ..//man-source/images/ch1/pic1-3.pdf>
Package pdftex.def Info: ..//man-source/images/ch1/pic1-3.pdf  used on input line 190.
(pdftex.def)             Requested size: 187.78532pt x 202.82217pt.
 [20 <..//man-source/images/ch1/pic1-3.pdf>]
<..//man-source/images/ch1/pic1-4.png, id=483, 5641.075pt x 3247.13126pt>
File: ..//man-source/images/ch1/pic1-4.png Graphic file (type png)
<use ..//man-source/images/ch1/pic1-4.png>
Package pdftex.def Info: ..//man-source/images/ch1/pic1-4.png  used on input line 221.
(pdftex.def)             Requested size: 469.47049pt x 270.23026pt.
 [21]
<..//man-source/images/ch1/pic1-5.pdf, id=493, 457.71pt x 182.6825pt>
File: ..//man-source/images/ch1/pic1-5.pdf Graphic file (type pdf)
<use ..//man-source/images/ch1/pic1-5.pdf>
Package pdftex.def Info: ..//man-source/images/ch1/pic1-5.pdf  used on input line 238.
(pdftex.def)             Requested size: 328.6279pt x 131.1689pt.
<..//man-source/images/ch1/pic1-6.pdf, id=494, 687.56876pt x 417.56pt>
File: ..//man-source/images/ch1/pic1-6.pdf Graphic file (type pdf)
<use ..//man-source/images/ch1/pic1-6.pdf>
Package pdftex.def Info: ..//man-source/images/ch1/pic1-6.pdf  used on input line 245.
(pdftex.def)             Requested size: 328.6279pt x 199.57274pt.
 [22 <..//man-source/images/ch1/pic1-4.png> <..//man-source/images/ch1/pic1-5.pdf>]
Underfull \hbox (badness 1163) in paragraph at lines 250--251
[]\T2A/cmr/m/n/14.4 После это-го от-бра-сы-ва-ет-ся вос-ста-нав-ли-ва-ю-щий слой (по-след-ний
 []

[23 <..//man-source/images/ch1/pic1-6.pdf>] [24] [25] [26]) [27]
\openout2 = `chapter2.aux'.

 (./chapter2.tex
{\cyrillictext \CYRG \CYRL \CYRA \CYRV \CYRA } 2.
[28




]
Overfull \hbox (34.9951pt too wide) detected at line 52
[] \OT1/cmr/m/n/14.4 = \OMS/cmsy/m/n/14.4 ^^@[] [] \OML/cmm/m/it/14.4 e[][] \OT1/cmr/m/n/14.4 + [] [] \OML/cmm/m/it/14.4 e[][]
 []

[29] [30] [31]
Underfull \hbox (badness 1087) in paragraph at lines 195--196
[]\T2A/cmr/m/n/14.4 Суммируя вы-ше-ска-зан-ное, при-ве-дем пол-ный ал-го-ритм обу-че-ния
 []


LaTeX Warning: `h' float specifier changed to `ht'.

[32]
<..//man-source/images/ch2/pic2-1.pdf, id=624, 765.86125pt x 357.335pt>
File: ..//man-source/images/ch2/pic2-1.pdf Graphic file (type pdf)
<use ..//man-source/images/ch2/pic2-1.pdf>
Package pdftex.def Info: ..//man-source/images/ch2/pic2-1.pdf  used on input line 241.
(pdftex.def)             Requested size: 422.52057pt x 197.14008pt.
 [33]
<..//man-source/images/ch2/pic2-2.pdf, id=632, 891.33pt x 125.46875pt>
File: ..//man-source/images/ch2/pic2-2.pdf Graphic file (type pdf)
<use ..//man-source/images/ch2/pic2-2.pdf>
Package pdftex.def Info: ..//man-source/images/ch2/pic2-2.pdf  used on input line 250.
(pdftex.def)             Requested size: 469.47049pt x 66.08649pt.
 [34 <..//man-source/images/ch2/pic2-1.pdf> <..//man-source/images/ch2/pic2-2.pdf>] [35] [36] [37]
Overfull \hbox (10.33614pt too wide) detected at line 394
 []$[] \OMS/cmsy/m/n/14.4 ^^@ \OML/cmm/m/it/14.4 [] []\OT1/cmr/m/n/14.4 (\OML/cmm/m/it/14.4 y[]\OT1/cmr/m/n/14.4 (\OML/cmm/m/it/14.4 p\OT1/cmr/m/n/14.4 ) \OMS/cmsy/m/n/14.4 ^^@ \OML/cmm/m/it/14.4 y[]\OT1/cmr/m/n/14.4 (\OML/cmm/m/it/14.4 p \OMS/cmsy/m/n/14.4 ^^@ \OT1/cmr/m/n/14.4 1))\OML/cmm/m/it/14.4 x[]\OT1/cmr/m/n/14.4 (\OML/cmm/m/it/14.4 p\OT1/cmr/m/n/14.4 )\OML/cmm/m/it/14.4 F[]\OT1/cmr/m/n/14.4 (\OML/cmm/m/it/14.4 S[]\OT1/cmr/m/n/14.4 (\OML/cmm/m/it/14.4 p\OT1/cmr/m/n/14.4 )) + (\OML/cmm/m/it/14.4 x[]\OT1/cmr/m/n/14.4 (\OML/cmm/m/it/14.4 p\OT1/cmr/m/n/14.4 ) \OMS/cmsy/m/n/14.4 ^^@ \OML/cmm/m/it/14.4 x[]\OT1/cmr/m/n/14.4 (\OML/cmm/m/it/14.4 p \OMS/cmsy/m/n/14.4 ^^@ \OT1/cmr/m/n/14.4 1))\OML/cmm/m/it/14.4 y[]\OT1/cmr/m/n/14.4 (\OML/cmm/m/it/14.4 p \OMS/cmsy/m/n/14.4 ^^@ \OT1/cmr/m/n/14.4 1)\OML/cmm/m/it/14.4 F[]\OT1/cmr/m/n/14.4 (\OML/cmm/m/it/14.4 S[]\OT1/cmr/m/n/14.4 (\OML/cmm/m/it/14.4 p\OT1/cmr/m/n/14.4 ))[]  $ 
 []


Overfull \hbox (20.78432pt too wide) detected at line 406
\OML/cmm/m/it/14.4 w[]\OT1/cmr/m/n/14.4 (\OML/cmm/m/it/14.4 t \OT1/cmr/m/n/14.4 + 1) = \OML/cmm/m/it/14.4 w[]\OT1/cmr/m/n/14.4 (\OML/cmm/m/it/14.4 t\OT1/cmr/m/n/14.4 ) \OMS/cmsy/m/n/14.4 ^^@ \OML/cmm/m/it/14.4 \OT1/cmr/m/n/14.4 ((\OML/cmm/m/it/14.4 y[]\OT1/cmr/m/n/14.4 (1) \OMS/cmsy/m/n/14.4 ^^@ \OML/cmm/m/it/14.4 y[]\OT1/cmr/m/n/14.4 (0))\OML/cmm/m/it/14.4 F[]\OT1/cmr/m/n/14.4 (\OML/cmm/m/it/14.4 S[]\OT1/cmr/m/n/14.4 (1))\OML/cmm/m/it/14.4 x[]\OT1/cmr/m/n/14.4 (1) + (\OML/cmm/m/it/14.4 x[]\OT1/cmr/m/n/14.4 (1) \OMS/cmsy/m/n/14.4 ^^@ \OML/cmm/m/it/14.4 x[]\OT1/cmr/m/n/14.4 (0))\OML/cmm/m/it/14.4 F[]\OT1/cmr/m/n/14.4 (\OML/cmm/m/it/14.4 S[]\OT1/cmr/m/n/14.4 (1))\OML/cmm/m/it/14.4 y[]\OT1/cmr/m/n/14.4 (0))\OML/cmm/m/it/14.4 ;
 []

[38]
Overfull \hbox (40.95984pt too wide) detected at line 433
 []$[] \OMS/cmsy/m/n/14.4 ^^@ [][] [] []\OT1/cmr/m/n/14.4 (\OML/cmm/m/it/14.4 y[]\OT1/cmr/m/n/14.4 (\OML/cmm/m/it/14.4 p\OT1/cmr/m/n/14.4 ) \OMS/cmsy/m/n/14.4 ^^@ \OML/cmm/m/it/14.4 y[]\OT1/cmr/m/n/14.4 (\OML/cmm/m/it/14.4 p \OMS/cmsy/m/n/14.4 ^^@ \OT1/cmr/m/n/14.4 1))\OML/cmm/m/it/14.4 x[]\OT1/cmr/m/n/14.4 (\OML/cmm/m/it/14.4 p\OT1/cmr/m/n/14.4 )\OML/cmm/m/it/14.4 F[]\OT1/cmr/m/n/14.4 (\OML/cmm/m/it/14.4 S[]\OT1/cmr/m/n/14.4 (\OML/cmm/m/it/14.4 p\OT1/cmr/m/n/14.4 )) + (\OML/cmm/m/it/14.4 x[]\OT1/cmr/m/n/14.4 (\OML/cmm/m/it/14.4 p\OT1/cmr/m/n/14.4 ) \OMS/cmsy/m/n/14.4 ^^@ \OML/cmm/m/it/14.4 x[]\OT1/cmr/m/n/14.4 (\OML/cmm/m/it/14.4 p \OMS/cmsy/m/n/14.4 ^^@ \OT1/cmr/m/n/14.4 1))\OML/cmm/m/it/14.4 y[]\OT1/cmr/m/n/14.4 (\OML/cmm/m/it/14.4 p \OMS/cmsy/m/n/14.4 ^^@ \OT1/cmr/m/n/14.4 1)\OML/cmm/m/it/14.4 F[]\OT1/cmr/m/n/14.4 (\OML/cmm/m/it/14.4 S[]\OT1/cmr/m/n/14.4 (\OML/cmm/m/it/14.4 p\OT1/cmr/m/n/14.4 ))[]\OML/cmm/m/it/14.4 ;  $ 
 []

[39] [40] [41]
Overfull \hbox (7.80588pt too wide) detected at line 567
 []$[] \OMS/cmsy/m/n/14.4 ^^@ [] []\OT1/cmr/m/n/14.4 (\OML/cmm/m/it/14.4 y[]\OT1/cmr/m/n/14.4 (\OML/cmm/m/it/14.4 p \OMS/cmsy/m/n/14.4 ^^@ \OT1/cmr/m/n/14.4 1) [](\OML/cmm/m/it/14.4 y[]\OT1/cmr/m/n/14.4 (\OML/cmm/m/it/14.4 p\OT1/cmr/m/n/14.4 )) + (1 \OMS/cmsy/m/n/14.4 ^^@ \OML/cmm/m/it/14.4 y[]\OT1/cmr/m/n/14.4 (\OML/cmm/m/it/14.4 p \OMS/cmsy/m/n/14.4 ^^@ \OT1/cmr/m/n/14.4 1)) [](1 \OMS/cmsy/m/n/14.4 ^^@ \OML/cmm/m/it/14.4 y[]\OT1/cmr/m/n/14.4 (\OML/cmm/m/it/14.4 p\OT1/cmr/m/n/14.4 ))) = \OML/cmm/m/it/14.4 CE[]\OT1/cmr/m/n/14.4 (\OML/cmm/m/it/14.4 k\OT1/cmr/m/n/14.4 ) + \OML/cmm/m/it/14.4 CE[]\OT1/cmr/m/n/14.4 (\OML/cmm/m/it/14.4 k\OT1/cmr/m/n/14.4 )$ []  
 []

[42] [43] [44] [45]
<..//man-source/images/ch2/pic2-4.png, id=715, 375.001pt x 121.253pt>
File: ..//man-source/images/ch2/pic2-4.png Graphic file (type png)
<use ..//man-source/images/ch2/pic2-4.png>
Package pdftex.def Info: ..//man-source/images/ch2/pic2-4.png  used on input line 629.
(pdftex.def)             Requested size: 234.73524pt x 75.89764pt.
 [46 <..//man-source/images/ch2/pic2-4.png>]
<..//man-source/images/ch2/pic2-5.png, id=725, 200.75pt x 444.059pt>
File: ..//man-source/images/ch2/pic2-5.png Graphic file (type png)
<use ..//man-source/images/ch2/pic2-5.png>
Package pdftex.def Info: ..//man-source/images/ch2/pic2-5.png  used on input line 670.
(pdftex.def)             Requested size: 187.78532pt x 415.40988pt.
<..//man-source/images/ch2/pic2-6.png, id=726, 447.271pt x 161.403pt>
File: ..//man-source/images/ch2/pic2-6.png Graphic file (type png)
<use ..//man-source/images/ch2/pic2-6.png>
Package pdftex.def Info: ..//man-source/images/ch2/pic2-6.png  used on input line 677.
(pdftex.def)             Requested size: 281.68515pt x 101.6524pt.
 [47 <..//man-source/images/ch2/pic2-5.png>]
<..//man-source/images/ch2/pic2-9.png, id=734, 675.323pt x 121.253pt>
File: ..//man-source/images/ch2/pic2-9.png Graphic file (type png)
<use ..//man-source/images/ch2/pic2-9.png>
Package pdftex.def Info: ..//man-source/images/ch2/pic2-9.png  used on input line 686.
(pdftex.def)             Requested size: 422.52057pt x 75.86249pt.
 [48 <..//man-source/images/ch2/pic2-6.png> <..//man-source/images/ch2/pic2-9.png>] [49] [50]
<..//man-source/images/ch2/pic2-3.png, id=759, 3292.3pt x 5224.51875pt>
File: ..//man-source/images/ch2/pic2-3.png Graphic file (type png)
<use ..//man-source/images/ch2/pic2-3.png>
Package pdftex.def Info: ..//man-source/images/ch2/pic2-3.png  used on input line 765.
(pdftex.def)             Requested size: 234.73524pt x 372.45013pt.

Underfull \hbox (badness 1418) in paragraph at lines 821--822
[] []\T2A/cmr/m/n/14.4 Доказана тео-ре-ма об эк-ви-ва-лент-но-сти мак-си-ми-за-ции функ-ции
 []


Underfull \hbox (badness 1418) in paragraph at lines 822--823
[] []\T2A/cmr/m/n/14.4 Доказана тео-ре-ма об эк-ви-ва-лент-но-сти мак-си-ми-за-ции функ-ции
 []

[51 <..//man-source/images/ch2/pic2-3.png>]) [52]
\openout2 = `chapter3.aux'.

 (./chapter3.tex
{\cyrillictext \CYRG \CYRL \CYRA \CYRV \CYRA } 3.

LaTeX Font Warning: Command \boldmath invalid in math mode on input line 19.


LaTeX Font Warning: Command \mathversion invalid in math mode on input line 19.

[53




]
<..//man-source/images/ch3/pic3-5.pdf, id=782, 546.04pt x 177.66376pt>
File: ..//man-source/images/ch3/pic3-5.pdf Graphic file (type pdf)
<use ..//man-source/images/ch3/pic3-5.pdf>
Package pdftex.def Info: ..//man-source/images/ch3/pic3-5.pdf  used on input line 34.
(pdftex.def)             Requested size: 455.24408pt x 148.12233pt.
 [54 <..//man-source/images/ch3/pic3-5.pdf>]
<..//man-source/images/ch3/pic3-6.pdf, id=794, 528.97626pt x 147.55125pt>
File: ..//man-source/images/ch3/pic3-6.pdf Graphic file (type pdf)
<use ..//man-source/images/ch3/pic3-6.pdf>
Package pdftex.def Info: ..//man-source/images/ch3/pic3-6.pdf  used on input line 74.
(pdftex.def)             Requested size: 455.24408pt x 126.98389pt.
<..//man-source/images/ch3/pic3-7.pdf, id=795, 589.20125pt x 444.66125pt>
File: ..//man-source/images/ch3/pic3-7.pdf Graphic file (type pdf)
<use ..//man-source/images/ch3/pic3-7.pdf>
Package pdftex.def Info: ..//man-source/images/ch3/pic3-7.pdf  used on input line 82.
(pdftex.def)             Requested size: 341.43306pt x 257.673pt.
 [55 <..//man-source/images/ch3/pic3-6.pdf> <..//man-source/images/ch3/pic3-7.pdf>] [56]
<..//man-source/images/ch3/pic3-12.pdf, id=821, 395.4775pt x 390.45876pt>
File: ..//man-source/images/ch3/pic3-12.pdf Graphic file (type pdf)
<use ..//man-source/images/ch3/pic3-12.pdf>
Package pdftex.def Info: ..//man-source/images/ch3/pic3-12.pdf  used on input line 205.
(pdftex.def)             Requested size: 227.62204pt x 224.73247pt.

Underfull \hbox (badness 1584) in paragraph at lines 211--212
[]\T2A/cmr/m/n/14.4 Выборка CIFAR-10 [[]] яв-ля-ет-ся под-мно-же-ством вы-бор-ки Tiny
 []

[57 <..//man-source/images/ch3/pic3-12.pdf>]
<..//man-source/images/ch3/pic3-2.pdf, id=833, 273.02pt x 274.02374pt>
File: ..//man-source/images/ch3/pic3-2.pdf Graphic file (type pdf)
<use ..//man-source/images/ch3/pic3-2.pdf>
Package pdftex.def Info: ..//man-source/images/ch3/pic3-2.pdf  used on input line 215.
(pdftex.def)             Requested size: 284.52756pt x 285.5926pt.

Underfull \hbox (badness 3343) in paragraph at lines 240--241
[]|\T2A/cmr/m/n/14.4 40Х5Х5 -- 40Х5Х5 -- 640Х320 --
 []


LaTeX Warning: `!h' float specifier changed to `!ht'.

[58 <..//man-source/images/ch3/pic3-2.pdf>]
Overfull \hbox (2.59811pt too wide) in paragraph at lines 265--265
[]|\T2A/cmr/m/n/14.4 Предобучение| 
 []

[59]
Underfull \hbox (badness 3343) in paragraph at lines 322--323
[]|\T2A/cmr/m/n/14.4 64Х5Х5 -- 32Х5Х5 -- 800Х128 --
 []

[60]
Underfull \hbox (badness 10000) in paragraph at lines 485--485
[]|\T2A/cmr/bx/n/12 Эффективность,
 []


Underfull \hbox (badness 10000) in paragraph at lines 485--485
\T2A/cmr/bx/n/12 %, C-RBM /
 []


Underfull \hbox (badness 3861) in paragraph at lines 485--486
\T2A/cmr/bx/n/12 ра-мет-ров, %, C-
 []


Underfull \hbox (badness 10000) in paragraph at lines 504--504
[]|\T2A/cmr/bx/n/12 Эффективность,
 []


Underfull \hbox (badness 10000) in paragraph at lines 504--504
\T2A/cmr/bx/n/12 %, C-RBM /
 []


Underfull \hbox (badness 3861) in paragraph at lines 504--505
\T2A/cmr/bx/n/12 ра-мет-ров, %, C-
 []


Underfull \hbox (badness 10000) in paragraph at lines 523--523
[]|\T2A/cmr/bx/n/12 Эффективность,
 []


Underfull \hbox (badness 10000) in paragraph at lines 523--523
\T2A/cmr/bx/n/12 %, C-RBM /
 []


Underfull \hbox (badness 3861) in paragraph at lines 523--524
\T2A/cmr/bx/n/12 ра-мет-ров, %, C-
 []


LaTeX Warning: `!h' float specifier changed to `!ht'.


Underfull \hbox (badness 10000) in paragraph at lines 542--542
[]|\T2A/cmr/bx/n/12 Эффективность,
 []


Underfull \hbox (badness 10000) in paragraph at lines 542--542
\T2A/cmr/bx/n/12 %, C-RBM /
 []


Underfull \hbox (badness 3861) in paragraph at lines 542--543
\T2A/cmr/bx/n/12 ра-мет-ров, %, C-
 []


LaTeX Warning: `!h' float specifier changed to `!ht'.


Underfull \hbox (badness 10000) in paragraph at lines 561--561
[]|\T2A/cmr/bx/n/12 Эффективность,
 []


Underfull \hbox (badness 10000) in paragraph at lines 561--561
\T2A/cmr/bx/n/12 %, C-RBM /
 []


Underfull \hbox (badness 3861) in paragraph at lines 561--562
\T2A/cmr/bx/n/12 ра-мет-ров, %, C-
 []


LaTeX Warning: `!h' float specifier changed to `!ht'.

[61] [62]
Overfull \hbox (3.32281pt too wide) in paragraph at lines 667--667
[]|\T2A/cmr/bx/n/12 Параметр| 
 []


Overfull \hbox (3.32281pt too wide) in paragraph at lines 684--684
[]|\T2A/cmr/bx/n/12 Параметр| 
 []

) [63] [64]
\openout2 = `chapter4.aux'.

 (./chapter4.tex
{\cyrillictext \CYRG \CYRL \CYRA \CYRV \CYRA } 4.
[65




] [66] [67] [68]
<..//man-source/images/ch4/pic4-13.png, id=916, 300.249pt x 474.354pt>
File: ..//man-source/images/ch4/pic4-13.png Graphic file (type png)
<use ..//man-source/images/ch4/pic4-13.png>
Package pdftex.def Info: ..//man-source/images/ch4/pic4-13.png  used on input line 146.
(pdftex.def)             Requested size: 284.52756pt x 449.55528pt.
 [69]
<..//man-source/images/ch4/pic4-24.jpeg, id=924, 1224.575pt x 301.125pt>
File: ..//man-source/images/ch4/pic4-24.jpeg Graphic file (type jpg)
<use ..//man-source/images/ch4/pic4-24.jpeg>
Package pdftex.def Info: ..//man-source/images/ch4/pic4-24.jpeg  used on input line 157.
(pdftex.def)             Requested size: 455.24408pt x 111.9429pt.


pdfTeX warning: pdflatex (file ..//man-source/images/ch4/pic4-4.pdf): PDF inclusion: found PDF version <1.7>, but at most version <1.5> allowed
<..//man-source/images/ch4/pic4-4.pdf, id=926, 616.3025pt x 182.6825pt>
File: ..//man-source/images/ch4/pic4-4.pdf Graphic file (type pdf)
<use ..//man-source/images/ch4/pic4-4.pdf>
Package pdftex.def Info: ..//man-source/images/ch4/pic4-4.pdf  used on input line 166.
(pdftex.def)             Requested size: 455.24408pt x 134.94598pt.
[70 <..//man-source/images/ch4/pic4-13.png>] [71 <..//man-source/images/ch4/pic4-24.jpeg> <..//man-source/images/ch4/pic4-4.pdf>]
<..//man-source/images/ch4/pic4-5.png, id=949, 299.61937pt x 813.0375pt>
File: ..//man-source/images/ch4/pic4-5.png Graphic file (type png)
<use ..//man-source/images/ch4/pic4-5.png>
Package pdftex.def Info: ..//man-source/images/ch4/pic4-5.png  used on input line 192.
(pdftex.def)             Requested size: 199.16928pt x 540.46466pt.
 [72] [73 <..//man-source/images/ch4/pic4-5.png>]
<..//man-source/images/ch4/pic4-14.png, id=967, 349.305pt x 242.9075pt>
File: ..//man-source/images/ch4/pic4-14.png Graphic file (type png)
<use ..//man-source/images/ch4/pic4-14.png>
Package pdftex.def Info: ..//man-source/images/ch4/pic4-14.png  used on input line 218.
(pdftex.def)             Requested size: 199.16928pt x 138.50317pt.


LaTeX Warning: `h' float specifier changed to `ht'.

<..//man-source/images/ch4/pic4-25.png, id=971, 642.4pt x 481.8pt>
File: ..//man-source/images/ch4/pic4-25.png Graphic file (type png)
<use ..//man-source/images/ch4/pic4-25.png>
Package pdftex.def Info: ..//man-source/images/ch4/pic4-25.png  used on input line 257.
(pdftex.def)             Requested size: 284.52756pt x 213.39682pt.
<..//man-source/images/ch4/pic4-26.png, id=972, 348.30125pt x 104.39pt>
File: ..//man-source/images/ch4/pic4-26.png Graphic file (type png)
<use ..//man-source/images/ch4/pic4-26.png>
Package pdftex.def Info: ..//man-source/images/ch4/pic4-26.png  used on input line 264.
(pdftex.def)             Requested size: 341.43306pt x 102.33652pt.
[74 <..//man-source/images/ch4/pic4-14.png>] [75 <..//man-source/images/ch4/pic4-25.png (PNG copy)> <..//man-source/images/ch4/pic4-26.png (PNG copy)>]
<..//man-source/images/ch4/pic4-15.png, id=992, 219.06844pt x 164.11313pt>
File: ..//man-source/images/ch4/pic4-15.png Graphic file (type png)
<use ..//man-source/images/ch4/pic4-15.png>
Package pdftex.def Info: ..//man-source/images/ch4/pic4-15.png  used on input line 290.
(pdftex.def)             Requested size: 284.52756pt x 213.1542pt.
 [76 <..//man-source/images/ch4/pic4-15.png>]
<..//man-source/images/ch4/pic4-16.png, id=1006, 699.36281pt x 161.85469pt>
File: ..//man-source/images/ch4/pic4-16.png Graphic file (type png)
<use ..//man-source/images/ch4/pic4-16.png>
Package pdftex.def Info: ..//man-source/images/ch4/pic4-16.png  used on input line 305.
(pdftex.def)             Requested size: 455.24408pt x 105.35988pt.
 [77 <..//man-source/images/ch4/pic4-16.png>]
<..//man-source/images/ch4/pic4-19.jpg, id=1017, 1081.03876pt x 205.5178pt>
File: ..//man-source/images/ch4/pic4-19.jpg Graphic file (type jpg)
<use ..//man-source/images/ch4/pic4-19.jpg>
Package pdftex.def Info: ..//man-source/images/ch4/pic4-19.jpg  used on input line 325.
(pdftex.def)             Requested size: 483.69684pt x 91.9553pt.

Overfull \hbox (14.22635pt too wide) in paragraph at lines 325--326
 [][] 
 []

[78 <..//man-source/images/ch4/pic4-19.jpg>]
<..//man-source/images/ch4/pic4-21.jpg, id=1028, 1505.625pt x 427.5975pt>
File: ..//man-source/images/ch4/pic4-21.jpg Graphic file (type jpg)
<use ..//man-source/images/ch4/pic4-21.jpg>
Package pdftex.def Info: ..//man-source/images/ch4/pic4-21.jpg  used on input line 350.
(pdftex.def)             Requested size: 483.69684pt x 137.369pt.

Overfull \hbox (14.22635pt too wide) in paragraph at lines 350--351
 [][] 
 []

<..//man-source/images/ch4/pic4-17.png, id=1030, 432.11438pt x 289.08pt>
File: ..//man-source/images/ch4/pic4-17.png Graphic file (type png)
<use ..//man-source/images/ch4/pic4-17.png>
Package pdftex.def Info: ..//man-source/images/ch4/pic4-17.png  used on input line 362.
(pdftex.def)             Requested size: 341.43306pt x 228.42361pt.
[79 <..//man-source/images/ch4/pic4-21.jpg>]
<..//man-source/images/ch4/pic4-18.png, id=1040, 237.13594pt x 237.88875pt>
File: ..//man-source/images/ch4/pic4-18.png Graphic file (type png)
<use ..//man-source/images/ch4/pic4-18.png>
Package pdftex.def Info: ..//man-source/images/ch4/pic4-18.png  used on input line 375.
(pdftex.def)             Requested size: 227.62204pt x 228.35243pt.
 [80 <..//man-source/images/ch4/pic4-17.png> <..//man-source/images/ch4/pic4-18.png>] [81]
Underfull \hbox (badness 10000) in paragraph at lines 458--458
[]|\T2A/cmr/m/n/12 Спрогнозировано
 []


Underfull \hbox (badness 10000) in paragraph at lines 458--458
[]|\T2A/cmr/m/n/12 Спрогнозировано
 []

<..//man-source/images/ch4/pic4-20.jpg, id=1054, 602.25pt x 451.6875pt>
File: ..//man-source/images/ch4/pic4-20.jpg Graphic file (type jpg)
<use ..//man-source/images/ch4/pic4-20.jpg>
Package pdftex.def Info: ..//man-source/images/ch4/pic4-20.jpg  used on input line 465.
(pdftex.def)             Requested size: 312.9803pt x 234.741pt.
[82]
<..//man-source/images/ch4/pic4-22.png, id=1062, 487.8225pt x 162.6075pt>
File: ..//man-source/images/ch4/pic4-22.png Graphic file (type png)
<use ..//man-source/images/ch4/pic4-22.png>
Package pdftex.def Info: ..//man-source/images/ch4/pic4-22.png  used on input line 491.
(pdftex.def)             Requested size: 455.24408pt x 151.74942pt.
 [83 <..//man-source/images/ch4/pic4-20.jpg> <..//man-source/images/ch4/pic4-22.png>]
<..//man-source/images/ch4/pic4-23.png, id=1069, 377.91188pt x 161.85469pt>
File: ..//man-source/images/ch4/pic4-23.png Graphic file (type png)
<use ..//man-source/images/ch4/pic4-23.png>
Package pdftex.def Info: ..//man-source/images/ch4/pic4-23.png  used on input line 500.
(pdftex.def)             Requested size: 455.24408pt x 194.97542pt.
) [84 <..//man-source/images/ch4/pic4-23.png>]
\openout2 = `conclusions.aux'.

 (./conclusions.tex (./conclusions_content_1.tex
Underfull \hbox (badness 1048) in paragraph at lines 3--4
[]\T2A/cmr/m/n/14.4 Выявлена и до-ка-за-на эк-ви-ва-лент-ность мак-си-ми-за-ции функ-ции
 []

[85




]) (./conclusions_content_2.tex)) [86]
\openout2 = `references.aux'.

 (./references.tex (./man-thesisby.bbl
Underfull \hbox (badness 2269) in paragraph at lines 96--102
[]\T2A/cmr/m/n/14.4 Hopfield, J. J. Neurons with graded response have collective
 []

[87




]
Underfull \hbox (badness 2460) in paragraph at lines 184--189
[]\T2A/cmr/m/n/14.4 Hinton, G. Reducing the dimensionality of data with neural
 []


Underfull \hbox (badness 1052) in paragraph at lines 213--215
[]\T2A/cmr/m/n/14.4 Rosenblatt, F. Principles of Neurodynamics / F. Rosenblatt. ^^V
 []


Underfull \hbox (badness 5696) in paragraph at lines 218--221
[]\T2A/cmr/m/n/14.4 Minsky, M. Perceptrons: An Introduction to Computational
 []

[88]
Underfull \hbox (badness 10000) in paragraph at lines 269--274
\T2A/cmr/m/n/14.4 Ре-жим до-сту-па: https://crfm.stanford.edu/2023/03/13/alpaca.html. ^^V
 []


Underfull \hbox (badness 1762) in paragraph at lines 277--281
[]$\T2A/cmr/m/n/14.4 https : / / github . com / tatsu-[]lab / stanford _ alpaca$[]. ^^V  2023. ^^V  Да-та до-сту-па:
 []


Underfull \hbox (badness 3209) in paragraph at lines 320--323
[]\T2A/cmr/m/n/14.4 Kingma, D. Adam: A method for stochastic optimization /
 []


Underfull \hbox (badness 10000) in paragraph at lines 320--323
\T2A/cmr/m/n/14.4 D. Kingma, J. Ba // 3rd International Conference for Learning
 []

[89]
Underfull \hbox (badness 1033) in paragraph at lines 355--360
[]\T2A/cmr/m/n/14.4 Using different cost functions to train stacked auto-encoders /
 []


Underfull \hbox (badness 2698) in paragraph at lines 363--367
[]\T2A/cmr/m/n/14.4 Gibbs, J. W. Elementary Principles in Statistical Mechanics:
 []


Underfull \hbox (badness 5726) in paragraph at lines 363--367
\T2A/cmr/m/n/14.4 Developed with Especial Reference to the Rational Foundations of
 []


Underfull \hbox (badness 10000) in paragraph at lines 412--418
[]\T2A/cmr/m/n/14.4 Perry, C. Colab's 'pay as you go' offers more
 []


Underfull \hbox (badness 10000) in paragraph at lines 412--418
\T2A/cmr/m/n/14.4 access to powerful nvidia compute for machine learning. ^^V
 []


Underfull \hbox (badness 10000) in paragraph at lines 412--418
\T2A/cmr/m/n/14.4 Ре-жим до-сту-па: []$https : / / blog . tensor^^]ow . org / 2022 / 09 /
 []


Overfull \hbox (72.03438pt too wide) in paragraph at lines 412--418
\T2A/cmr/m/n/14.4 colabs-[]pay-[]as-[]you-[]go-[]o^^[ers-[]more-[]access-[]to-[]powerful-[]nvidia-[]compute-[]for-[]machine-[]learning .
 []

[90] [91]
Underfull \hbox (badness 7433) in paragraph at lines 551--556
[]\T2A/cmr/m/n/14.4 Ciresan, D. Multi-column deep neural networks for image
 []


Underfull \hbox (badness 1173) in paragraph at lines 613--617
[]\T2A/cmr/m/n/14.4 Gs1 datamatrix -- electronic sign. ^^V  Ре-жим до-сту-па: []$https : / /
 []

[92]
Underfull \hbox (badness 3209) in paragraph at lines 651--657
[]\T2A/cmr/m/n/14.4 Joint face detection and alignment using multitask cascaded
 []

) (./references_content.tex
Underfull \hbox (badness 1221) in paragraph at lines 32--36
\T2A/cmr/m/n/14.4 networks: A new understanding and novel approach / V. Golovko, A.
 []

[93]
Underfull \hbox (badness 1210) in paragraph at lines 78--84
[]\T2A/cmr/m/n/14.4 Golovko, V. A. Deep Neural Networks: Selected Aspects of
 []

[94]
Underfull \hbox (badness 2644) in paragraph at lines 123--128
\T2A/cmr/m/n/14.4 panel detection in satellite photos / V. Golovko, S. Bezobrazov, A.
 []


Underfull \hbox (badness 1490) in paragraph at lines 138--143
[]\T2A/cmr/m/n/14.4 Kroshchanka, A. The Reduction of Fully Connected Neural
 []

[95]
Underfull \hbox (badness 1400) in paragraph at lines 229--233
[]\T2A/cmr/m/n/14.4 Kroshchanka, A. Neural network component of the product
 []

[96])) [97]
\openout2 = `appendixes/appendix_example.aux'.

 (./appendixes/appendix_example.tex
{\cyrillictext \CYRP \CYRR \CYRI \CYRL \CYRO \CYRZH \CYRE \CYRN \CYRI \CYRE } \CYRA .
(/usr/local/texlive/2022/texmf-dist/tex/latex/listings/lstlang1.sty
File: lstlang1.sty 2020/03/24 1.8d listings language file
)
LaTeX Font Info:    Trying to load font information for T2A+cmtt on input line 4.
 (/usr/local/texlive/2022/texmf-dist/tex/latex/cyrillic/t2acmtt.fd
File: t2acmtt.fd 2001/08/11 v1.0a Computer Modern Cyrillic font definitions
) [98




] [99] [100] [101] [102] [103] [104] [105] [106] [107] [108]
{\cyrillictext \CYRP \CYRR \CYRI \CYRL \CYRO \CYRZH \CYRE \CYRN \CYRI \CYRE } \CYRB .
<..//man-source/images/appendix/appendixActs/actSavushkin.jpg, id=1698, 1548.53531pt x 2469.97781pt>
File: ..//man-source/images/appendix/appendixActs/actSavushkin.jpg Graphic file (type jpg)
<use ..//man-source/images/appendix/appendixActs/actSavushkin.jpg>
Package pdftex.def Info: ..//man-source/images/appendix/appendixActs/actSavushkin.jpg  used on input line 433.
(pdftex.def)             Requested size: 356.76997pt x 569.05511pt.
<..//man-source/images/appendix/appendixActs/actBSTU_1.jpg, id=1699, 1671.99657pt x 2292.31406pt>
File: ..//man-source/images/appendix/appendixActs/actBSTU_1.jpg Graphic file (type jpg)
<use ..//man-source/images/appendix/appendixActs/actBSTU_1.jpg>
Package pdftex.def Info: ..//man-source/images/appendix/appendixActs/actBSTU_1.jpg  used on input line 438.
(pdftex.def)             Requested size: 477.31487pt x 654.41338pt.

Overfull \hbox (7.84438pt too wide) in paragraph at lines 438--439
 [][] 
 []

<..//man-source/images/appendix/appendixActs/actISS-2.jpg, id=1700, 502.9992pt x 799.66756pt>
File: ..//man-source/images/appendix/appendixActs/actISS-2.jpg Graphic file (type jpg)
<use ..//man-source/images/appendix/appendixActs/actISS-2.jpg>
Package pdftex.def Info: ..//man-source/images/appendix/appendixActs/actISS-2.jpg  used on input line 443.
(pdftex.def)             Requested size: 483.69684pt x 769.01436pt.

Overfull \hbox (14.22635pt too wide) in paragraph at lines 443--444
 [][] 
 []


LaTeX Warning: Float too large for page by 37.77852pt on input line 444.

) [109

 <..//man-source/images/appendix/appendixActs/actSavushkin.jpg>] [110 <..//man-source/images/appendix/appendixActs/actBSTU_1.jpg>] [111 <..//man-source/images/appendix/appendixActs/actISS-2.jpg>] (./man-thesisby.aux (./titlepage.aux) (./termins.aux) (./reduction.aux) (./introduction.aux) (./description_of_work.aux) (./chapter1.aux) (./chapter2.aux) (./chapter3.aux) (./chapter4.aux) (./conclusions.aux) (./references.aux) (./appendixes/appendix_example.aux))
Package rerunfilecheck Info: File `man-thesisby.out' has not changed.
(rerunfilecheck)             Checksum: E0D6463649C65CD3C17D742624600D00;13945.
 ) 
Here is how much of TeX's memory you used:
 31017 strings out of 478268
 559468 string characters out of 5846347
 1254324 words of memory out of 5000000
 47792 multiletter control sequences out of 15000+600000
 490583 words of font info for 75 fonts, out of 8000000 for 9000
 1141 hyphenation exceptions out of 8191
 89i,12n,92p,3822b,2072s stack positions out of 10000i,1000n,20000p,200000b,200000s
{/usr/local/texlive/2022/texmf-dist/fonts/enc/dvips/cm-super/cm-super-t2a.enc}</usr/local/texlive/2022/texmf-dist/fonts/type1/public/amsfonts/cm/cmex10.pfb></usr/local/texlive/2022/texmf-dist/fonts/type1/public/amsfonts/cm/cmmi10.pfb></usr/local/texlive/2022/texmf-dist/fonts/type1/public/amsfonts/cm/cmmi12.pfb></usr/local/texlive/2022/texmf-dist/fonts/type1/public/amsfonts/cm/cmmi7.pfb></usr/local/texlive/2022/texmf-dist/fonts/type1/public/amsfonts/cm/cmr10.pfb></usr/local/texlive/2022/texmf-dist/fonts/type1/public/amsfonts/cm/cmr12.pfb></usr/local/texlive/2022/texmf-dist/fonts/type1/public/amsfonts/cm/cmsy10.pfb></usr/local/texlive/2022/texmf-dist/fonts/type1/public/amsfonts/symbols/msam10.pfb></usr/local/texlive/2022/texmf-dist/fonts/type1/public/cm-super/sfbi1440.pfb></usr/local/texlive/2022/texmf-dist/fonts/type1/public/cm-super/sfbx1200.pfb></usr/local/texlive/2022/texmf-dist/fonts/type1/public/cm-super/sfbx1440.pfb></usr/local/texlive/2022/texmf-dist/fonts/type1/public/cm-super/sfbx1728.pfb></usr/local/texlive/2022/texmf-dist/fonts/type1/public/cm-super/sfrm1000.pfb></usr/local/texlive/2022/texmf-dist/fonts/type1/public/cm-super/sfrm1200.pfb></usr/local/texlive/2022/texmf-dist/fonts/type1/public/cm-super/sfrm1440.pfb></usr/local/texlive/2022/texmf-dist/fonts/type1/public/cm-super/sfti1440.pfb></usr/local/texlive/2022/texmf-dist/fonts/type1/public/cm-super/sftt1200.pfb>
Output written on man-thesisby.pdf (111 pages, 8454646 bytes).
PDF statistics:
 1958 PDF objects out of 2073 (max. 8388607)
 1716 compressed objects within 18 object streams
 805 named destinations out of 1000 (max. 500000)
 568 words of extra memory for PDF output out of 10000 (max. 10000000)

